Experiment 'pythonaacf' is active
Experiment 'pythonTensorboardExperiment' is active
Experiment 'pythonSurveyNotification' is active
Experiment 'PythonPyTorchProfiler' is active
Experiment 'pythonDeprecatePythonPath' is active
Experiment 'pythonInterpreterInfoPinned' is active
> conda info --json
> ./venv/bin/python ~/.vscode-server/extensions/ms-python.python-2022.6.2/pythonFiles/get_output_via_markers.py ~/.vscode-server/extensions/ms-python.python-2022.6.2/pythonFiles/interpreterInfo.py
> /bin/python3 ~/.vscode-server/extensions/ms-python.python-2022.6.2/pythonFiles/get_output_via_markers.py ~/.vscode-server/extensions/ms-python.python-2022.6.2/pythonFiles/interpreterInfo.py
> /usr/bin/python3 ~/.vscode-server/extensions/ms-python.python-2022.6.2/pythonFiles/get_output_via_markers.py ~/.vscode-server/extensions/ms-python.python-2022.6.2/pythonFiles/interpreterInfo.py
Python interpreter path: ~/Code/SDGKU/user_crud/venv/bin/python
> . ./venv/bin/activate && echo 'e8b39361-0157-4923-80e1-22d70d46dee6' && python ~/.vscode-server/extensions/ms-python.python-2022.6.2/pythonFiles/printEnvVariables.py
Starting Pylance language server.
> ./venv/bin/python -m autopep8 --diff ./app/database/user.py
cwd: .
> ./venv/bin/python -c "import autopep8"
> . ./venv/bin/activate && echo 'e8b39361-0157-4923-80e1-22d70d46dee6' && python ~/.vscode-server/extensions/ms-python.python-2022.6.2/pythonFiles/printEnvVariables.py
> ./venv/bin/python -c "import autopep8"

Formatting with autopep8 failed.
You could either install the 'autopep8' formatter, turn it off or use another formatter.
Error: Module 'autopep8' not installed.
> ./venv/bin/python -m autopep8 --diff ./app/database/user.py
cwd: .
> ./venv/bin/python -c "import autopep8"
> ./venv/bin/python -c "import autopep8"

Formatting with autopep8 failed.
You could either install the 'autopep8' formatter, turn it off or use another formatter.
Error: Module 'autopep8' not installed.
> ./venv/bin/python -m autopep8 --diff ./app/database/user.py.5559bcbb072b32b511c6135b8934da7f.tmp
cwd: .
> ./venv/bin/python -c "import autopep8"
> ./venv/bin/python -c "import autopep8"

Formatting with autopep8 failed.
You could either install the 'autopep8' formatter, turn it off or use another formatter.
Error: Module 'autopep8' not installed.
> ./venv/bin/python -m autopep8 --diff ./app/routes.py
cwd: .
> ./venv/bin/python -c "import autopep8"
> ./venv/bin/python -c "import autopep8"

Formatting with autopep8 failed.
You could either install the 'autopep8' formatter, turn it off or use another formatter.
Error: Module 'autopep8' not installed.
> ./venv/bin/python -m autopep8 --diff ./app/database/user.py
cwd: .
> ./venv/bin/python -c "import autopep8"
> . ./venv/bin/activate && echo 'e8b39361-0157-4923-80e1-22d70d46dee6' && python ~/.vscode-server/extensions/ms-python.python-2022.6.2/pythonFiles/printEnvVariables.py
> ./venv/bin/python -c "import autopep8"

Formatting with autopep8 failed.
You could either install the 'autopep8' formatter, turn it off or use another formatter.
Error: Module 'autopep8' not installed.
