[2022-05-28T11:32:29.708Z] Validating found git in: git
[2022-05-28T11:32:29.740Z] Using git 2.25.1 from git
[2022-05-28T11:32:29.771Z] > git rev-parse --show-toplevel [24ms]
[2022-05-28T11:32:29.799Z] > git rev-parse --git-dir --git-common-dir [21ms]
[2022-05-28T11:32:29.805Z] Open repository: /home/vmw19
[2022-05-28T11:32:29.846Z] > git status -z -uall [36ms]
[2022-05-28T11:32:29.867Z] > git symbolic-ref --short HEAD [16ms]
[2022-05-28T11:32:29.873Z] > git for-each-ref --format=%(refname)%00%(upstream:short)%00%(objectname)%00%(upstream:track)%00%(upstream:remotename)%00%(upstream:remoteref) refs/heads/main refs/remotes/main [2ms]
[2022-05-28T11:32:29.882Z] > git remote --verbose [1ms]
[2022-05-28T11:32:29.883Z] > git for-each-ref --sort -committerdate --format %(refname) %(objectname) %(*objectname) [6ms]
[2022-05-28T11:32:29.891Z] > git config --get commit.template [1ms]
[2022-05-28T11:32:30.133Z] > git show --textconv :venv/.gitignore [4ms]
[2022-05-28T11:32:30.135Z] > git ls-files --stage -- /home/vmw19/venv/.gitignore [3ms]
[2022-05-28T11:32:30.139Z] > git cat-file -s 7fd566f6c9d698d257fe77037b33ff5c7a835e06 [1ms]
[2022-05-28T11:32:30.320Z] > git check-ignore -v -z --stdin [2ms]
[2022-05-28T11:32:32.627Z] > git status -z -uall [33ms]
[2022-05-28T11:32:32.631Z] > git symbolic-ref --short HEAD [1ms]
[2022-05-28T11:32:32.634Z] > git for-each-ref --format=%(refname)%00%(upstream:short)%00%(objectname)%00%(upstream:track)%00%(upstream:remotename)%00%(upstream:remoteref) refs/heads/main refs/remotes/main [1ms]
[2022-05-28T11:32:32.642Z] > git for-each-ref --sort -committerdate --format %(refname) %(objectname) %(*objectname) [3ms]
[2022-05-28T11:32:32.642Z] > git remote --verbose [1ms]
[2022-05-28T11:32:32.647Z] > git config --get commit.template [1ms]
[2022-05-28T11:32:35.638Z] > git check-ignore -v -z --stdin [7ms]
[2022-05-28T11:32:37.684Z] > git status -z -uall [33ms]
[2022-05-28T11:32:37.688Z] > git symbolic-ref --short HEAD [0ms]
[2022-05-28T11:32:37.692Z] > git for-each-ref --format=%(refname)%00%(upstream:short)%00%(objectname)%00%(upstream:track)%00%(upstream:remotename)%00%(upstream:remoteref) refs/heads/main refs/remotes/main [1ms]
[2022-05-28T11:32:37.697Z] > git for-each-ref --sort -committerdate --format %(refname) %(objectname) %(*objectname) [3ms]
[2022-05-28T11:32:37.697Z] > git remote --verbose [1ms]
[2022-05-28T11:32:37.702Z] > git config --get commit.template [1ms]
[2022-05-28T11:32:42.738Z] > git status -z -uall [31ms]
[2022-05-28T11:32:42.743Z] > git symbolic-ref --short HEAD [1ms]
[2022-05-28T11:32:42.747Z] > git for-each-ref --format=%(refname)%00%(upstream:short)%00%(objectname)%00%(upstream:track)%00%(upstream:remotename)%00%(upstream:remoteref) refs/heads/main refs/remotes/main [1ms]
[2022-05-28T11:32:42.754Z] > git remote --verbose [1ms]
[2022-05-28T11:32:42.754Z] > git for-each-ref --sort -committerdate --format %(refname) %(objectname) %(*objectname) [4ms]
[2022-05-28T11:32:42.760Z] > git config --get commit.template [0ms]
[2022-05-28T11:32:47.795Z] > git status -z -uall [31ms]
[2022-05-28T11:32:47.798Z] > git symbolic-ref --short HEAD [0ms]
[2022-05-28T11:32:47.802Z] > git for-each-ref --format=%(refname)%00%(upstream:short)%00%(objectname)%00%(upstream:track)%00%(upstream:remotename)%00%(upstream:remoteref) refs/heads/main refs/remotes/main [1ms]
[2022-05-28T11:32:47.807Z] > git remote --verbose [1ms]
[2022-05-28T11:32:47.808Z] > git for-each-ref --sort -committerdate --format %(refname) %(objectname) %(*objectname) [3ms]
[2022-05-28T11:32:47.812Z] > git config --get commit.template [1ms]
[2022-05-28T11:32:52.379Z] git.stage 1
[2022-05-28T11:32:52.382Z] git.stage.scmResources 1
[2022-05-28T11:32:52.406Z] > git add -A -- /home/vmw19/.vscode-server/data/User/History/-7cf5c01e/uMWl.py [20ms]
[2022-05-28T11:32:52.440Z] > git status -z -uall [31ms]
[2022-05-28T11:32:52.443Z] > git symbolic-ref --short HEAD [0ms]
[2022-05-28T11:32:52.446Z] > git for-each-ref --format=%(refname)%00%(upstream:short)%00%(objectname)%00%(upstream:track)%00%(upstream:remotename)%00%(upstream:remoteref) refs/heads/main refs/remotes/main [1ms]
[2022-05-28T11:32:52.450Z] > git for-each-ref --sort -committerdate --format %(refname) %(objectname) %(*objectname) [2ms]
[2022-05-28T11:32:52.451Z] > git remote --verbose [1ms]
[2022-05-28T11:32:52.455Z] > git config --get commit.template [0ms]
[2022-05-28T11:32:52.846Z] > git status -z -uall [30ms]
[2022-05-28T11:32:52.850Z] > git symbolic-ref --short HEAD [1ms]
[2022-05-28T11:32:52.853Z] > git for-each-ref --format=%(refname)%00%(upstream:short)%00%(objectname)%00%(upstream:track)%00%(upstream:remotename)%00%(upstream:remoteref) refs/heads/main refs/remotes/main [1ms]
[2022-05-28T11:32:52.858Z] > git for-each-ref --sort -committerdate --format %(refname) %(objectname) %(*objectname) [3ms]
[2022-05-28T11:32:52.858Z] > git remote --verbose [1ms]
[2022-05-28T11:32:52.861Z] > git config --get commit.template [0ms]
[2022-05-28T11:32:53.624Z] > git ls-files --stage -- /home/vmw19/venv/.gitignore [2ms]
[2022-05-28T11:32:53.627Z] > git cat-file -s 7fd566f6c9d698d257fe77037b33ff5c7a835e06 [0ms]
[2022-05-28T11:32:53.637Z] > git show --textconv :venv/.gitignore [2ms]
[2022-05-28T11:32:57.896Z] > git status -z -uall [31ms]
[2022-05-28T11:32:57.900Z] > git symbolic-ref --short HEAD [1ms]
[2022-05-28T11:32:57.903Z] > git for-each-ref --format=%(refname)%00%(upstream:short)%00%(objectname)%00%(upstream:track)%00%(upstream:remotename)%00%(upstream:remoteref) refs/heads/main refs/remotes/main [0ms]
[2022-05-28T11:32:57.909Z] > git for-each-ref --sort -committerdate --format %(refname) %(objectname) %(*objectname) [3ms]
[2022-05-28T11:32:57.909Z] > git remote --verbose [1ms]
[2022-05-28T11:32:57.913Z] > git config --get commit.template [1ms]
[2022-05-28T11:33:00.511Z] git.stage 1
[2022-05-28T11:33:00.512Z] git.stage.scmResources 1
[2022-05-28T11:33:00.535Z] > git add -A -- /home/vmw19/.vscode-server/data/User/History/-7cf5c01e/heMy.py [20ms]
[2022-05-28T11:33:00.569Z] > git status -z -uall [30ms]
[2022-05-28T11:33:00.572Z] > git symbolic-ref --short HEAD [1ms]
[2022-05-28T11:33:00.575Z] > git for-each-ref --format=%(refname)%00%(upstream:short)%00%(objectname)%00%(upstream:track)%00%(upstream:remotename)%00%(upstream:remoteref) refs/heads/main refs/remotes/main [1ms]
[2022-05-28T11:33:00.579Z] > git remote --verbose [0ms]
[2022-05-28T11:33:00.580Z] > git for-each-ref --sort -committerdate --format %(refname) %(objectname) %(*objectname) [3ms]
[2022-05-28T11:33:00.583Z] > git config --get commit.template [0ms]
[2022-05-28T11:33:01.750Z] > git ls-files --stage -- /home/vmw19/venv/.gitignore [2ms]
[2022-05-28T11:33:01.753Z] > git cat-file -s 7fd566f6c9d698d257fe77037b33ff5c7a835e06 [0ms]
[2022-05-28T11:33:01.763Z] > git show --textconv :venv/.gitignore [2ms]
[2022-05-28T11:33:02.947Z] > git status -z -uall [30ms]
[2022-05-28T11:33:02.951Z] > git symbolic-ref --short HEAD [1ms]
[2022-05-28T11:33:02.955Z] > git for-each-ref --format=%(refname)%00%(upstream:short)%00%(objectname)%00%(upstream:track)%00%(upstream:remotename)%00%(upstream:remoteref) refs/heads/main refs/remotes/main [1ms]
[2022-05-28T11:33:02.959Z] > git for-each-ref --sort -committerdate --format %(refname) %(objectname) %(*objectname) [2ms]
[2022-05-28T11:33:02.959Z] > git remote --verbose [1ms]
[2022-05-28T11:33:02.963Z] > git config --get commit.template [1ms]
[2022-05-28T11:33:07.999Z] > git status -z -uall [31ms]
[2022-05-28T11:33:08.003Z] > git symbolic-ref --short HEAD [1ms]
[2022-05-28T11:33:08.006Z] > git for-each-ref --format=%(refname)%00%(upstream:short)%00%(objectname)%00%(upstream:track)%00%(upstream:remotename)%00%(upstream:remoteref) refs/heads/main refs/remotes/main [1ms]
[2022-05-28T11:33:08.010Z] > git for-each-ref --sort -committerdate --format %(refname) %(objectname) %(*objectname) [2ms]
[2022-05-28T11:33:08.011Z] > git remote --verbose [1ms]
[2022-05-28T11:33:08.015Z] > git config --get commit.template [1ms]
[2022-05-28T11:33:08.431Z] git.stage 1
[2022-05-28T11:33:08.432Z] git.stage.scmResources 1
[2022-05-28T11:33:08.455Z] > git add -A -- /home/vmw19/.vscode-server/data/User/History/-7cf5c01e/O609.py [20ms]
[2022-05-28T11:33:08.488Z] > git status -z -uall [30ms]
[2022-05-28T11:33:08.492Z] > git symbolic-ref --short HEAD [1ms]
[2022-05-28T11:33:08.495Z] > git for-each-ref --format=%(refname)%00%(upstream:short)%00%(objectname)%00%(upstream:track)%00%(upstream:remotename)%00%(upstream:remoteref) refs/heads/main refs/remotes/main [1ms]
[2022-05-28T11:33:08.499Z] > git for-each-ref --sort -committerdate --format %(refname) %(objectname) %(*objectname) [2ms]
[2022-05-28T11:33:08.499Z] > git remote --verbose [1ms]
[2022-05-28T11:33:08.504Z] > git config --get commit.template [0ms]
[2022-05-28T11:33:09.706Z] > git ls-files --stage -- /home/vmw19/venv/.gitignore [3ms]
[2022-05-28T11:33:09.710Z] > git cat-file -s 7fd566f6c9d698d257fe77037b33ff5c7a835e06 [1ms]
[2022-05-28T11:33:09.719Z] > git show --textconv :venv/.gitignore [3ms]
[2022-05-28T11:33:13.049Z] > git status -z -uall [31ms]
[2022-05-28T11:33:13.053Z] > git symbolic-ref --short HEAD [0ms]
[2022-05-28T11:33:13.056Z] > git for-each-ref --format=%(refname)%00%(upstream:short)%00%(objectname)%00%(upstream:track)%00%(upstream:remotename)%00%(upstream:remoteref) refs/heads/main refs/remotes/main [0ms]
[2022-05-28T11:33:13.061Z] > git for-each-ref --sort -committerdate --format %(refname) %(objectname) %(*objectname) [3ms]
[2022-05-28T11:33:13.061Z] > git remote --verbose [1ms]
[2022-05-28T11:33:13.065Z] > git config --get commit.template [0ms]
[2022-05-28T11:33:18.102Z] > git status -z -uall [32ms]
[2022-05-28T11:33:18.106Z] > git symbolic-ref --short HEAD [1ms]
[2022-05-28T11:33:18.108Z] > git for-each-ref --format=%(refname)%00%(upstream:short)%00%(objectname)%00%(upstream:track)%00%(upstream:remotename)%00%(upstream:remoteref) refs/heads/main refs/remotes/main [0ms]
[2022-05-28T11:33:18.113Z] > git for-each-ref --sort -committerdate --format %(refname) %(objectname) %(*objectname) [3ms]
[2022-05-28T11:33:18.113Z] > git remote --verbose [1ms]
[2022-05-28T11:33:18.116Z] > git config --get commit.template [0ms]
[2022-05-28T11:33:23.629Z] > git status -z -uall [31ms]
[2022-05-28T11:33:23.633Z] > git symbolic-ref --short HEAD [0ms]
[2022-05-28T11:33:23.636Z] > git for-each-ref --format=%(refname)%00%(upstream:short)%00%(objectname)%00%(upstream:track)%00%(upstream:remotename)%00%(upstream:remoteref) refs/heads/main refs/remotes/main [1ms]
[2022-05-28T11:33:23.642Z] > git remote --verbose [1ms]
[2022-05-28T11:33:23.642Z] > git for-each-ref --sort -committerdate --format %(refname) %(objectname) %(*objectname) [3ms]
[2022-05-28T11:33:23.647Z] > git config --get commit.template [1ms]
