[2022-05-24 20:11:43.180] [exthost] [info] Extension host with pid 20488 started
[2022-05-24 20:11:43.216] [exthost] [info] ExtensionService#_doActivateExtension vscode.debug-auto-launch, startup: true, activationEvent: '*'
[2022-05-24 20:11:43.221] [exthost] [info] ExtensionService#_doActivateExtension vscode.git-base, startup: true, activationEvent: '*', root cause: vscode.git
[2022-05-24 20:11:43.227] [exthost] [info] ExtensionService#_doActivateExtension vscode.ipynb, startup: true, activationEvent: '*'
[2022-05-24 20:11:43.246] [exthost] [info] Lock '/home/vmw19/.vscode-server/data/User/workspaceStorage/1c00b00c9b6657d700e40381cad33a69/vscode.lock': Lock acquired.
[2022-05-24 20:11:43.264] [exthost] [info] ExtensionService#_doActivateExtension vscode.git, startup: true, activationEvent: '*'
[2022-05-24 20:11:43.329] [exthost] [info] ExtensionService#_doActivateExtension vscode.github, startup: true, activationEvent: '*'
[2022-05-24 20:11:43.392] [exthost] [info] ExtensionService#_doActivateExtension vscode.emmet, startup: false, activationEvent: 'onStartupFinished'
[2022-05-24 20:11:43.410] [exthost] [info] ExtensionService#_doActivateExtension vscode.merge-conflict, startup: false, activationEvent: 'onStartupFinished'
[2022-05-24 20:11:43.413] [exthost] [info] Eager extensions activated
[2022-05-25 01:00:21.059] [exthost] [info] ExtensionService#_doActivateExtension ms-toolsai.jupyter, startup: false, activationEvent: 'onLanguage:python'
[2022-05-25 01:00:21.435] [exthost] [info] ExtensionService#_doActivateExtension ms-python.python, startup: false, activationEvent: 'onLanguage:python'
[2022-05-25 01:00:22.250] [exthost] [info] ExtensionService#_doActivateExtension ms-toolsai.jupyter-renderers, startup: false, activationEvent: 'api', root cause: ms-toolsai.jupyter
[2022-05-25 01:00:22.322] [exthost] [info] ExtensionService#_doActivateExtension ms-python.vscode-pylance, startup: false, activationEvent: 'onLanguage:python'
[2022-05-26 17:49:47.585] [exthost] [error] [ms-python.python] provider FAILED
[2022-05-26 17:49:47.585] [exthost] [error] Error: name must not be falsy
	at Function.validate (/home/vmw19/.vscode-server/bin/c3511e6c69bb39013c4a4b7b9566ec1ca73fc4d5/out/vs/workbench/api/node/extensionHostProcess.js:76:127818)
	at new s (/home/vmw19/.vscode-server/bin/c3511e6c69bb39013c4a4b7b9566ec1ca73fc4d5/out/vs/workbench/api/node/extensionHostProcess.js:76:127767)
	at new s (/home/vmw19/.vscode-server/bin/c3511e6c69bb39013c4a4b7b9566ec1ca73fc4d5/out/vs/workbench/api/node/extensionHostProcess.js:76:114127)
	at G (/home/vmw19/.vscode-server/extensions/ms-python.python-2022.6.2/out/client/extension.js:2:2277418)
	at c (/home/vmw19/.vscode-server/extensions/ms-python.python-2022.6.2/out/client/extension.js:2:2314584)
	at Object.t.map (/home/vmw19/.vscode-server/extensions/ms-python.python-2022.6.2/out/client/extension.js:2:2314670)
	at Object.asDocumentSymbols (/home/vmw19/.vscode-server/extensions/ms-python.python-2022.6.2/out/client/extension.js:2:2285236)
	at /home/vmw19/.vscode-server/extensions/ms-python.python-2022.6.2/out/client/extension.js:2:2223778
	at async r.provideDocumentSymbols (/home/vmw19/.vscode-server/bin/c3511e6c69bb39013c4a4b7b9566ec1ca73fc4d5/out/vs/workbench/api/node/extensionHostProcess.js:83:97721)
[2022-05-26 17:49:54.489] [exthost] [error] [ms-python.python] provider FAILED
[2022-05-26 17:49:54.489] [exthost] [error] Error: name must not be falsy
	at Function.validate (/home/vmw19/.vscode-server/bin/c3511e6c69bb39013c4a4b7b9566ec1ca73fc4d5/out/vs/workbench/api/node/extensionHostProcess.js:76:127818)
	at new s (/home/vmw19/.vscode-server/bin/c3511e6c69bb39013c4a4b7b9566ec1ca73fc4d5/out/vs/workbench/api/node/extensionHostProcess.js:76:127767)
	at new s (/home/vmw19/.vscode-server/bin/c3511e6c69bb39013c4a4b7b9566ec1ca73fc4d5/out/vs/workbench/api/node/extensionHostProcess.js:76:114127)
	at G (/home/vmw19/.vscode-server/extensions/ms-python.python-2022.6.2/out/client/extension.js:2:2277418)
	at c (/home/vmw19/.vscode-server/extensions/ms-python.python-2022.6.2/out/client/extension.js:2:2314584)
	at Object.t.map (/home/vmw19/.vscode-server/extensions/ms-python.python-2022.6.2/out/client/extension.js:2:2314670)
	at Object.asDocumentSymbols (/home/vmw19/.vscode-server/extensions/ms-python.python-2022.6.2/out/client/extension.js:2:2285236)
	at /home/vmw19/.vscode-server/extensions/ms-python.python-2022.6.2/out/client/extension.js:2:2223778
	at async r.provideDocumentSymbols (/home/vmw19/.vscode-server/bin/c3511e6c69bb39013c4a4b7b9566ec1ca73fc4d5/out/vs/workbench/api/node/extensionHostProcess.js:83:97721)
[2022-05-26 17:49:58.381] [exthost] [error] [ms-python.python] provider FAILED
[2022-05-26 17:49:58.381] [exthost] [error] Error: name must not be falsy
	at Function.validate (/home/vmw19/.vscode-server/bin/c3511e6c69bb39013c4a4b7b9566ec1ca73fc4d5/out/vs/workbench/api/node/extensionHostProcess.js:76:127818)
	at new s (/home/vmw19/.vscode-server/bin/c3511e6c69bb39013c4a4b7b9566ec1ca73fc4d5/out/vs/workbench/api/node/extensionHostProcess.js:76:127767)
	at new s (/home/vmw19/.vscode-server/bin/c3511e6c69bb39013c4a4b7b9566ec1ca73fc4d5/out/vs/workbench/api/node/extensionHostProcess.js:76:114127)
	at G (/home/vmw19/.vscode-server/extensions/ms-python.python-2022.6.2/out/client/extension.js:2:2277418)
	at c (/home/vmw19/.vscode-server/extensions/ms-python.python-2022.6.2/out/client/extension.js:2:2314584)
	at Object.t.map (/home/vmw19/.vscode-server/extensions/ms-python.python-2022.6.2/out/client/extension.js:2:2314670)
	at Object.asDocumentSymbols (/home/vmw19/.vscode-server/extensions/ms-python.python-2022.6.2/out/client/extension.js:2:2285236)
	at /home/vmw19/.vscode-server/extensions/ms-python.python-2022.6.2/out/client/extension.js:2:2223778
	at async r.provideDocumentSymbols (/home/vmw19/.vscode-server/bin/c3511e6c69bb39013c4a4b7b9566ec1ca73fc4d5/out/vs/workbench/api/node/extensionHostProcess.js:83:97721)
[2022-05-26 18:02:05.260] [exthost] [warning] ms-python.python - Code actions of kind 'quickfix 'requested but returned code action is of kind 'refactor.extract'. Code action will be dropped. Please check 'CodeActionContext.only' to only return requested code actions.
[2022-05-26 18:02:05.260] [exthost] [warning] ms-python.python - Code actions of kind 'quickfix 'requested but returned code action is of kind 'refactor.extract'. Code action will be dropped. Please check 'CodeActionContext.only' to only return requested code actions.
[2022-05-26 18:02:35.347] [exthost] [warning] ms-python.python - Code actions of kind 'quickfix 'requested but returned code action is of kind 'refactor.extract'. Code action will be dropped. Please check 'CodeActionContext.only' to only return requested code actions.
[2022-05-26 18:02:35.347] [exthost] [warning] ms-python.python - Code actions of kind 'quickfix 'requested but returned code action is of kind 'refactor.extract'. Code action will be dropped. Please check 'CodeActionContext.only' to only return requested code actions.
[2022-05-26 18:02:38.814] [exthost] [warning] ms-python.python - Code actions of kind 'quickfix 'requested but returned code action is of kind 'refactor.extract'. Code action will be dropped. Please check 'CodeActionContext.only' to only return requested code actions.
[2022-05-26 18:02:38.814] [exthost] [warning] ms-python.python - Code actions of kind 'quickfix 'requested but returned code action is of kind 'refactor.extract'. Code action will be dropped. Please check 'CodeActionContext.only' to only return requested code actions.
[2022-05-26 18:02:56.389] [exthost] [warning] ms-python.python - Code actions of kind 'quickfix 'requested but returned code action is of kind 'refactor.extract'. Code action will be dropped. Please check 'CodeActionContext.only' to only return requested code actions.
[2022-05-26 18:02:56.389] [exthost] [warning] ms-python.python - Code actions of kind 'quickfix 'requested but returned code action is of kind 'refactor.extract'. Code action will be dropped. Please check 'CodeActionContext.only' to only return requested code actions.
[2022-05-26 18:03:03.199] [exthost] [warning] ms-python.python - Code actions of kind 'quickfix 'requested but returned code action is of kind 'refactor.extract'. Code action will be dropped. Please check 'CodeActionContext.only' to only return requested code actions.
[2022-05-26 18:03:03.200] [exthost] [warning] ms-python.python - Code actions of kind 'quickfix 'requested but returned code action is of kind 'refactor.extract'. Code action will be dropped. Please check 'CodeActionContext.only' to only return requested code actions.
[2022-05-26 18:03:04.120] [exthost] [warning] ms-python.python - Code actions of kind 'quickfix 'requested but returned code action is of kind 'refactor.extract'. Code action will be dropped. Please check 'CodeActionContext.only' to only return requested code actions.
[2022-05-26 18:03:04.120] [exthost] [warning] ms-python.python - Code actions of kind 'quickfix 'requested but returned code action is of kind 'refactor.extract'. Code action will be dropped. Please check 'CodeActionContext.only' to only return requested code actions.
[2022-05-26 18:03:05.860] [exthost] [warning] ms-python.python - Code actions of kind 'quickfix 'requested but returned code action is of kind 'refactor.extract'. Code action will be dropped. Please check 'CodeActionContext.only' to only return requested code actions.
[2022-05-26 18:03:05.860] [exthost] [warning] ms-python.python - Code actions of kind 'quickfix 'requested but returned code action is of kind 'refactor.extract'. Code action will be dropped. Please check 'CodeActionContext.only' to only return requested code actions.
[2022-05-26 18:03:08.237] [exthost] [warning] ms-python.python - Code actions of kind 'quickfix 'requested but returned code action is of kind 'refactor.extract'. Code action will be dropped. Please check 'CodeActionContext.only' to only return requested code actions.
[2022-05-26 18:03:08.237] [exthost] [warning] ms-python.python - Code actions of kind 'quickfix 'requested but returned code action is of kind 'refactor.extract'. Code action will be dropped. Please check 'CodeActionContext.only' to only return requested code actions.
[2022-05-26 18:06:18.341] [exthost] [warning] ms-python.python - Code actions of kind 'quickfix 'requested but returned code action is of kind 'refactor.extract'. Code action will be dropped. Please check 'CodeActionContext.only' to only return requested code actions.
[2022-05-26 18:06:18.341] [exthost] [warning] ms-python.python - Code actions of kind 'quickfix 'requested but returned code action is of kind 'refactor.extract'. Code action will be dropped. Please check 'CodeActionContext.only' to only return requested code actions.
[2022-05-26 18:07:14.139] [exthost] [warning] ms-python.python - Code actions of kind 'quickfix 'requested but returned code action is of kind 'refactor.extract'. Code action will be dropped. Please check 'CodeActionContext.only' to only return requested code actions.
[2022-05-26 18:07:14.139] [exthost] [warning] ms-python.python - Code actions of kind 'quickfix 'requested but returned code action is of kind 'refactor.extract'. Code action will be dropped. Please check 'CodeActionContext.only' to only return requested code actions.
[2022-05-26 18:07:36.617] [exthost] [warning] ms-python.python - Code actions of kind 'quickfix 'requested but returned code action is of kind 'refactor.extract'. Code action will be dropped. Please check 'CodeActionContext.only' to only return requested code actions.
[2022-05-26 18:07:36.617] [exthost] [warning] ms-python.python - Code actions of kind 'quickfix 'requested but returned code action is of kind 'refactor.extract'. Code action will be dropped. Please check 'CodeActionContext.only' to only return requested code actions.
[2022-05-26 18:07:45.815] [exthost] [warning] ms-python.python - Code actions of kind 'quickfix 'requested but returned code action is of kind 'refactor.extract'. Code action will be dropped. Please check 'CodeActionContext.only' to only return requested code actions.
[2022-05-26 18:07:45.816] [exthost] [warning] ms-python.python - Code actions of kind 'quickfix 'requested but returned code action is of kind 'refactor.extract'. Code action will be dropped. Please check 'CodeActionContext.only' to only return requested code actions.
[2022-05-26 18:08:01.991] [exthost] [warning] ms-python.python - Code actions of kind 'quickfix 'requested but returned code action is of kind 'refactor.extract'. Code action will be dropped. Please check 'CodeActionContext.only' to only return requested code actions.
[2022-05-26 18:08:01.991] [exthost] [warning] ms-python.python - Code actions of kind 'quickfix 'requested but returned code action is of kind 'refactor.extract'. Code action will be dropped. Please check 'CodeActionContext.only' to only return requested code actions.
[2022-05-26 18:08:48.215] [exthost] [warning] ms-python.python - Code actions of kind 'quickfix 'requested but returned code action is of kind 'refactor.extract'. Code action will be dropped. Please check 'CodeActionContext.only' to only return requested code actions.
[2022-05-26 18:08:48.215] [exthost] [warning] ms-python.python - Code actions of kind 'quickfix 'requested but returned code action is of kind 'refactor.extract'. Code action will be dropped. Please check 'CodeActionContext.only' to only return requested code actions.
[2022-05-26 18:09:40.683] [exthost] [error] [ms-python.python] provider FAILED
[2022-05-26 18:09:40.683] [exthost] [error] Error: name must not be falsy
	at Function.validate (/home/vmw19/.vscode-server/bin/c3511e6c69bb39013c4a4b7b9566ec1ca73fc4d5/out/vs/workbench/api/node/extensionHostProcess.js:76:127818)
	at new s (/home/vmw19/.vscode-server/bin/c3511e6c69bb39013c4a4b7b9566ec1ca73fc4d5/out/vs/workbench/api/node/extensionHostProcess.js:76:127767)
	at new s (/home/vmw19/.vscode-server/bin/c3511e6c69bb39013c4a4b7b9566ec1ca73fc4d5/out/vs/workbench/api/node/extensionHostProcess.js:76:114127)
	at G (/home/vmw19/.vscode-server/extensions/ms-python.python-2022.6.2/out/client/extension.js:2:2277418)
	at c (/home/vmw19/.vscode-server/extensions/ms-python.python-2022.6.2/out/client/extension.js:2:2314584)
	at Object.t.map (/home/vmw19/.vscode-server/extensions/ms-python.python-2022.6.2/out/client/extension.js:2:2314670)
	at Object.asDocumentSymbols (/home/vmw19/.vscode-server/extensions/ms-python.python-2022.6.2/out/client/extension.js:2:2285236)
	at /home/vmw19/.vscode-server/extensions/ms-python.python-2022.6.2/out/client/extension.js:2:2223778
	at async r.provideDocumentSymbols (/home/vmw19/.vscode-server/bin/c3511e6c69bb39013c4a4b7b9566ec1ca73fc4d5/out/vs/workbench/api/node/extensionHostProcess.js:83:97721)
[2022-05-26 18:09:45.000] [exthost] [warning] ms-python.python - Code actions of kind 'quickfix 'requested but returned code action is of kind 'refactor.extract'. Code action will be dropped. Please check 'CodeActionContext.only' to only return requested code actions.
[2022-05-26 18:09:45.001] [exthost] [warning] ms-python.python - Code actions of kind 'quickfix 'requested but returned code action is of kind 'refactor.extract'. Code action will be dropped. Please check 'CodeActionContext.only' to only return requested code actions.
[2022-05-26 18:09:49.813] [exthost] [error] [ms-python.python] provider FAILED
[2022-05-26 18:09:49.813] [exthost] [error] Error: name must not be falsy
	at Function.validate (/home/vmw19/.vscode-server/bin/c3511e6c69bb39013c4a4b7b9566ec1ca73fc4d5/out/vs/workbench/api/node/extensionHostProcess.js:76:127818)
	at new s (/home/vmw19/.vscode-server/bin/c3511e6c69bb39013c4a4b7b9566ec1ca73fc4d5/out/vs/workbench/api/node/extensionHostProcess.js:76:127767)
	at new s (/home/vmw19/.vscode-server/bin/c3511e6c69bb39013c4a4b7b9566ec1ca73fc4d5/out/vs/workbench/api/node/extensionHostProcess.js:76:114127)
	at G (/home/vmw19/.vscode-server/extensions/ms-python.python-2022.6.2/out/client/extension.js:2:2277418)
	at c (/home/vmw19/.vscode-server/extensions/ms-python.python-2022.6.2/out/client/extension.js:2:2314584)
	at Object.t.map (/home/vmw19/.vscode-server/extensions/ms-python.python-2022.6.2/out/client/extension.js:2:2314670)
	at Object.asDocumentSymbols (/home/vmw19/.vscode-server/extensions/ms-python.python-2022.6.2/out/client/extension.js:2:2285236)
	at /home/vmw19/.vscode-server/extensions/ms-python.python-2022.6.2/out/client/extension.js:2:2223778
	at async r.provideDocumentSymbols (/home/vmw19/.vscode-server/bin/c3511e6c69bb39013c4a4b7b9566ec1ca73fc4d5/out/vs/workbench/api/node/extensionHostProcess.js:83:97721)
[2022-05-26 18:09:58.094] [exthost] [error] [ms-python.python] provider FAILED
[2022-05-26 18:09:58.094] [exthost] [error] Error: name must not be falsy
	at Function.validate (/home/vmw19/.vscode-server/bin/c3511e6c69bb39013c4a4b7b9566ec1ca73fc4d5/out/vs/workbench/api/node/extensionHostProcess.js:76:127818)
	at new s (/home/vmw19/.vscode-server/bin/c3511e6c69bb39013c4a4b7b9566ec1ca73fc4d5/out/vs/workbench/api/node/extensionHostProcess.js:76:127767)
	at new s (/home/vmw19/.vscode-server/bin/c3511e6c69bb39013c4a4b7b9566ec1ca73fc4d5/out/vs/workbench/api/node/extensionHostProcess.js:76:114127)
	at G (/home/vmw19/.vscode-server/extensions/ms-python.python-2022.6.2/out/client/extension.js:2:2277418)
	at c (/home/vmw19/.vscode-server/extensions/ms-python.python-2022.6.2/out/client/extension.js:2:2314584)
	at Object.t.map (/home/vmw19/.vscode-server/extensions/ms-python.python-2022.6.2/out/client/extension.js:2:2314670)
	at Object.asDocumentSymbols (/home/vmw19/.vscode-server/extensions/ms-python.python-2022.6.2/out/client/extension.js:2:2285236)
	at /home/vmw19/.vscode-server/extensions/ms-python.python-2022.6.2/out/client/extension.js:2:2223778
	at async r.provideDocumentSymbols (/home/vmw19/.vscode-server/bin/c3511e6c69bb39013c4a4b7b9566ec1ca73fc4d5/out/vs/workbench/api/node/extensionHostProcess.js:83:97721)
[2022-05-26 18:09:58.737] [exthost] [error] [ms-python.python] provider FAILED
[2022-05-26 18:09:58.737] [exthost] [error] Error: name must not be falsy
	at Function.validate (/home/vmw19/.vscode-server/bin/c3511e6c69bb39013c4a4b7b9566ec1ca73fc4d5/out/vs/workbench/api/node/extensionHostProcess.js:76:127818)
	at new s (/home/vmw19/.vscode-server/bin/c3511e6c69bb39013c4a4b7b9566ec1ca73fc4d5/out/vs/workbench/api/node/extensionHostProcess.js:76:127767)
	at new s (/home/vmw19/.vscode-server/bin/c3511e6c69bb39013c4a4b7b9566ec1ca73fc4d5/out/vs/workbench/api/node/extensionHostProcess.js:76:114127)
	at G (/home/vmw19/.vscode-server/extensions/ms-python.python-2022.6.2/out/client/extension.js:2:2277418)
	at c (/home/vmw19/.vscode-server/extensions/ms-python.python-2022.6.2/out/client/extension.js:2:2314584)
	at Object.t.map (/home/vmw19/.vscode-server/extensions/ms-python.python-2022.6.2/out/client/extension.js:2:2314670)
	at Object.asDocumentSymbols (/home/vmw19/.vscode-server/extensions/ms-python.python-2022.6.2/out/client/extension.js:2:2285236)
	at /home/vmw19/.vscode-server/extensions/ms-python.python-2022.6.2/out/client/extension.js:2:2223778
	at async r.provideDocumentSymbols (/home/vmw19/.vscode-server/bin/c3511e6c69bb39013c4a4b7b9566ec1ca73fc4d5/out/vs/workbench/api/node/extensionHostProcess.js:83:97721)
[2022-05-26 18:09:59.418] [exthost] [error] [ms-python.python] provider FAILED
[2022-05-26 18:09:59.418] [exthost] [error] Error: name must not be falsy
	at Function.validate (/home/vmw19/.vscode-server/bin/c3511e6c69bb39013c4a4b7b9566ec1ca73fc4d5/out/vs/workbench/api/node/extensionHostProcess.js:76:127818)
	at new s (/home/vmw19/.vscode-server/bin/c3511e6c69bb39013c4a4b7b9566ec1ca73fc4d5/out/vs/workbench/api/node/extensionHostProcess.js:76:127767)
	at new s (/home/vmw19/.vscode-server/bin/c3511e6c69bb39013c4a4b7b9566ec1ca73fc4d5/out/vs/workbench/api/node/extensionHostProcess.js:76:114127)
	at G (/home/vmw19/.vscode-server/extensions/ms-python.python-2022.6.2/out/client/extension.js:2:2277418)
	at c (/home/vmw19/.vscode-server/extensions/ms-python.python-2022.6.2/out/client/extension.js:2:2314584)
	at Object.t.map (/home/vmw19/.vscode-server/extensions/ms-python.python-2022.6.2/out/client/extension.js:2:2314670)
	at Object.asDocumentSymbols (/home/vmw19/.vscode-server/extensions/ms-python.python-2022.6.2/out/client/extension.js:2:2285236)
	at /home/vmw19/.vscode-server/extensions/ms-python.python-2022.6.2/out/client/extension.js:2:2223778
	at async r.provideDocumentSymbols (/home/vmw19/.vscode-server/bin/c3511e6c69bb39013c4a4b7b9566ec1ca73fc4d5/out/vs/workbench/api/node/extensionHostProcess.js:83:97721)
[2022-05-26 20:19:55.378] [exthost] [warning] ms-python.python - Code actions of kind 'quickfix 'requested but returned code action is of kind 'refactor.extract'. Code action will be dropped. Please check 'CodeActionContext.only' to only return requested code actions.
[2022-05-26 20:19:55.378] [exthost] [warning] ms-python.python - Code actions of kind 'quickfix 'requested but returned code action is of kind 'refactor.extract'. Code action will be dropped. Please check 'CodeActionContext.only' to only return requested code actions.
[2022-05-26 20:29:12.634] [exthost] [warning] ms-python.python - Code actions of kind 'quickfix 'requested but returned code action is of kind 'refactor.extract'. Code action will be dropped. Please check 'CodeActionContext.only' to only return requested code actions.
[2022-05-26 20:29:12.634] [exthost] [warning] ms-python.python - Code actions of kind 'quickfix 'requested but returned code action is of kind 'refactor.extract'. Code action will be dropped. Please check 'CodeActionContext.only' to only return requested code actions.
[2022-05-26 20:41:33.049] [exthost] [warning] ms-python.python - Code actions of kind 'quickfix 'requested but returned code action is of kind 'refactor.extract'. Code action will be dropped. Please check 'CodeActionContext.only' to only return requested code actions.
[2022-05-26 20:41:33.049] [exthost] [warning] ms-python.python - Code actions of kind 'quickfix 'requested but returned code action is of kind 'refactor.extract'. Code action will be dropped. Please check 'CodeActionContext.only' to only return requested code actions.
[2022-05-26 20:41:36.825] [exthost] [warning] ms-python.python - Code actions of kind 'quickfix 'requested but returned code action is of kind 'refactor.extract'. Code action will be dropped. Please check 'CodeActionContext.only' to only return requested code actions.
[2022-05-26 20:41:36.825] [exthost] [warning] ms-python.python - Code actions of kind 'quickfix 'requested but returned code action is of kind 'refactor.extract'. Code action will be dropped. Please check 'CodeActionContext.only' to only return requested code actions.
[2022-05-26 20:43:18.381] [exthost] [warning] ms-python.python - Code actions of kind 'quickfix 'requested but returned code action is of kind 'refactor.extract'. Code action will be dropped. Please check 'CodeActionContext.only' to only return requested code actions.
[2022-05-26 20:43:18.381] [exthost] [warning] ms-python.python - Code actions of kind 'quickfix 'requested but returned code action is of kind 'refactor.extract'. Code action will be dropped. Please check 'CodeActionContext.only' to only return requested code actions.
[2022-05-26 20:43:31.670] [exthost] [warning] ms-python.python - Code actions of kind 'quickfix 'requested but returned code action is of kind 'refactor.extract'. Code action will be dropped. Please check 'CodeActionContext.only' to only return requested code actions.
[2022-05-26 20:43:31.670] [exthost] [warning] ms-python.python - Code actions of kind 'quickfix 'requested but returned code action is of kind 'refactor.extract'. Code action will be dropped. Please check 'CodeActionContext.only' to only return requested code actions.
[2022-05-26 20:43:38.361] [exthost] [warning] ms-python.python - Code actions of kind 'quickfix 'requested but returned code action is of kind 'refactor.extract'. Code action will be dropped. Please check 'CodeActionContext.only' to only return requested code actions.
[2022-05-26 20:43:38.361] [exthost] [warning] ms-python.python - Code actions of kind 'quickfix 'requested but returned code action is of kind 'refactor.extract'. Code action will be dropped. Please check 'CodeActionContext.only' to only return requested code actions.
[2022-05-26 20:43:40.150] [exthost] [warning] ms-python.python - Code actions of kind 'quickfix 'requested but returned code action is of kind 'refactor.extract'. Code action will be dropped. Please check 'CodeActionContext.only' to only return requested code actions.
[2022-05-26 20:43:40.150] [exthost] [warning] ms-python.python - Code actions of kind 'quickfix 'requested but returned code action is of kind 'refactor.extract'. Code action will be dropped. Please check 'CodeActionContext.only' to only return requested code actions.
[2022-05-26 20:45:51.239] [exthost] [warning] ms-python.python - Code actions of kind 'quickfix 'requested but returned code action is of kind 'refactor.extract'. Code action will be dropped. Please check 'CodeActionContext.only' to only return requested code actions.
[2022-05-26 20:45:51.239] [exthost] [warning] ms-python.python - Code actions of kind 'quickfix 'requested but returned code action is of kind 'refactor.extract'. Code action will be dropped. Please check 'CodeActionContext.only' to only return requested code actions.
[2022-05-26 20:46:08.106] [exthost] [warning] ms-python.python - Code actions of kind 'quickfix 'requested but returned code action is of kind 'refactor.extract'. Code action will be dropped. Please check 'CodeActionContext.only' to only return requested code actions.
[2022-05-26 20:46:09.062] [exthost] [warning] ms-python.python - Code actions of kind 'quickfix 'requested but returned code action is of kind 'refactor.extract'. Code action will be dropped. Please check 'CodeActionContext.only' to only return requested code actions.
[2022-05-26 21:02:51.358] [exthost] [warning] ms-python.python - Code actions of kind 'quickfix 'requested but returned code action is of kind 'refactor.extract'. Code action will be dropped. Please check 'CodeActionContext.only' to only return requested code actions.
[2022-05-26 21:02:55.573] [exthost] [warning] ms-python.python - Code actions of kind 'quickfix 'requested but returned code action is of kind 'refactor.extract'. Code action will be dropped. Please check 'CodeActionContext.only' to only return requested code actions.
[2022-05-26 21:02:56.869] [exthost] [warning] ms-python.python - Code actions of kind 'quickfix 'requested but returned code action is of kind 'refactor.extract'. Code action will be dropped. Please check 'CodeActionContext.only' to only return requested code actions.
[2022-05-26 21:24:55.900] [exthost] [warning] [Decorations] CAPPING events from decorations provider vscode.git 799
[2022-05-26 21:26:17.508] [exthost] [warning] [Decorations] CAPPING events from decorations provider vscode.git 800
[2022-05-26 21:26:22.675] [exthost] [warning] [Decorations] CAPPING events from decorations provider vscode.git 800
[2022-05-26 21:26:27.721] [exthost] [warning] [Decorations] CAPPING events from decorations provider vscode.git 800
[2022-05-26 21:26:32.766] [exthost] [warning] [Decorations] CAPPING events from decorations provider vscode.git 800
[2022-05-26 21:26:37.811] [exthost] [warning] [Decorations] CAPPING events from decorations provider vscode.git 800
[2022-05-26 21:26:42.857] [exthost] [warning] [Decorations] CAPPING events from decorations provider vscode.git 800
[2022-05-26 21:26:47.903] [exthost] [warning] [Decorations] CAPPING events from decorations provider vscode.git 800
[2022-05-26 23:45:15.253] [exthost] [warning] [Decorations] CAPPING events from decorations provider vscode.git 800
[2022-05-26 23:45:15.405] [exthost] [info] Extension host terminating: received terminate message from renderer
[2022-05-26 23:45:15.406] [exthost] [info] Lock '/home/vmw19/.vscode-server/data/User/workspaceStorage/1c00b00c9b6657d700e40381cad33a69/vscode.lock': Marking the lockfile as scheduled to be released in 6000 ms.
[2022-05-26 23:45:15.451] [exthost] [info] Extension host with pid 20488 exiting with code 0
