[2022-05-28T03:09:07.337Z] Validating found git in: git
[2022-05-28T03:09:07.366Z] Using git 2.25.1 from git
[2022-05-28T03:09:07.414Z] > git rev-parse --show-toplevel [41ms]
[2022-05-28T03:09:07.414Z] fatal: not a git repository (or any of the parent directories): .git
[2022-05-28T03:09:07.422Z] > git rev-parse --show-toplevel [2ms]
[2022-05-28T03:09:07.422Z] fatal: not a git repository (or any of the parent directories): .git
[2022-05-28T03:09:07.443Z] > git rev-parse --show-toplevel [18ms]
[2022-05-28T03:09:07.443Z] fatal: not a git repository (or any of the parent directories): .git
[2022-05-28T03:09:07.462Z] > git rev-parse --show-toplevel [17ms]
[2022-05-28T03:09:07.468Z] > git rev-parse --git-dir --git-common-dir [2ms]
[2022-05-28T03:09:07.474Z] Open repository: /home/vmw19/.oh-my-zsh
[2022-05-28T03:09:07.482Z] > git rev-parse --show-toplevel [0ms]
[2022-05-28T03:09:07.482Z] fatal: not a git repository (or any of the parent directories): .git
[2022-05-28T03:09:07.487Z] > git rev-parse --show-toplevel [1ms]
[2022-05-28T03:09:07.487Z] fatal: not a git repository (or any of the parent directories): .git
[2022-05-28T03:09:07.490Z] > git rev-parse --show-toplevel [1ms]
[2022-05-28T03:09:07.490Z] fatal: not a git repository (or any of the parent directories): .git
[2022-05-28T03:09:07.496Z] > git rev-parse --show-toplevel [3ms]
[2022-05-28T03:09:07.500Z] > git rev-parse --git-dir --git-common-dir [1ms]
[2022-05-28T03:09:07.502Z] Open repository: /home/vmw19/mynewrepo
[2022-05-28T03:09:07.511Z] > git status -z -uall [4ms]
[2022-05-28T03:09:07.514Z] > git rev-parse --show-toplevel [4ms]
[2022-05-28T03:09:07.514Z] fatal: not a git repository (or any of the parent directories): .git
[2022-05-28T03:09:07.521Z] > git rev-parse --show-toplevel [3ms]
[2022-05-28T03:09:07.521Z] fatal: not a git repository (or any of the parent directories): .git
[2022-05-28T03:09:07.522Z] > git symbolic-ref --short HEAD [8ms]
[2022-05-28T03:09:07.526Z] > git for-each-ref --format=%(refname)%00%(upstream:short)%00%(objectname)%00%(upstream:track)%00%(upstream:remotename)%00%(upstream:remoteref) refs/heads/master refs/remotes/master [1ms]
[2022-05-28T03:09:07.533Z] > git remote --verbose [1ms]
[2022-05-28T03:09:07.533Z] > git for-each-ref --sort -committerdate --format %(refname) %(objectname) %(*objectname) [4ms]
[2022-05-28T03:09:07.540Z] > git config --get commit.template [0ms]
[2022-05-28T03:09:07.581Z] > git rev-parse --show-toplevel [5ms]
[2022-05-28T03:09:07.581Z] fatal: not a git repository (or any of the parent directories): .git
[2022-05-28T03:09:08.064Z] > git check-ignore -v -z --stdin [3ms]
[2022-05-28T03:09:08.065Z] > git check-ignore -v -z --stdin [1ms]
[2022-05-28T03:09:09.177Z] > git status -z -uall [1698ms]
[2022-05-28T03:09:09.181Z] > git symbolic-ref --short HEAD [1ms]
[2022-05-28T03:09:09.185Z] > git for-each-ref --format=%(refname)%00%(upstream:short)%00%(objectname)%00%(upstream:track)%00%(upstream:remotename)%00%(upstream:remoteref) refs/heads/master refs/remotes/master [2ms]
[2022-05-28T03:09:09.191Z] > git for-each-ref --sort -committerdate --format %(refname) %(objectname) %(*objectname) [2ms]
[2022-05-28T03:09:09.192Z] > git remote --verbose [1ms]
[2022-05-28T03:09:09.197Z] > git config --get commit.template [1ms]
[2022-05-28T03:10:34.011Z] > git rev-parse --show-toplevel [2ms]
[2022-05-28T03:10:34.011Z] fatal: not a git repository (or any of the parent directories): .git
[2022-05-28T03:10:34.411Z] > git rev-parse --show-toplevel [0ms]
[2022-05-28T03:10:34.411Z] fatal: not a git repository (or any of the parent directories): .git
[2022-05-28T03:10:45.313Z] > git rev-parse --show-toplevel [1ms]
[2022-05-28T03:10:45.313Z] fatal: not a git repository (or any of the parent directories): .git
[2022-05-28T03:10:45.345Z] > git check-ignore -v -z --stdin [3ms]
[2022-05-28T03:10:45.346Z] > git check-ignore -v -z --stdin [2ms]
[2022-05-28T03:10:49.318Z] > git rev-parse --show-toplevel [0ms]
[2022-05-28T03:10:49.318Z] fatal: not a git repository (or any of the parent directories): .git
[2022-05-28T03:10:49.358Z] > git check-ignore -v -z --stdin [3ms]
[2022-05-28T03:10:49.358Z] > git check-ignore -v -z --stdin [1ms]
[2022-05-28T03:10:51.106Z] > git rev-parse --show-toplevel [0ms]
[2022-05-28T03:10:51.106Z] fatal: not a git repository (or any of the parent directories): .git
[2022-05-28T03:10:51.158Z] > git check-ignore -v -z --stdin [2ms]
[2022-05-28T03:10:51.159Z] > git check-ignore -v -z --stdin [1ms]
[2022-05-28T03:11:06.589Z] > git rev-parse --show-toplevel [0ms]
[2022-05-28T03:11:06.589Z] fatal: not a git repository (or any of the parent directories): .git
[2022-05-28T03:11:06.643Z] > git check-ignore -v -z --stdin [3ms]
[2022-05-28T03:11:06.644Z] > git check-ignore -v -z --stdin [2ms]
[2022-05-28T03:11:11.738Z] > git rev-parse --show-toplevel [1ms]
[2022-05-28T03:11:11.738Z] fatal: not a git repository (or any of the parent directories): .git
[2022-05-28T03:11:11.784Z] > git check-ignore -v -z --stdin [2ms]
[2022-05-28T03:11:11.785Z] > git check-ignore -v -z --stdin [1ms]
[2022-05-28T03:11:19.388Z] > git rev-parse --show-toplevel [1ms]
[2022-05-28T03:11:19.388Z] fatal: not a git repository (or any of the parent directories): .git
[2022-05-28T03:11:19.431Z] > git check-ignore -v -z --stdin [3ms]
[2022-05-28T03:11:19.431Z] > git check-ignore -v -z --stdin [0ms]
[2022-05-28T03:11:21.259Z] > git rev-parse --show-toplevel [0ms]
[2022-05-28T03:11:21.259Z] fatal: not a git repository (or any of the parent directories): .git
[2022-05-28T03:11:21.312Z] > git check-ignore -v -z --stdin [3ms]
[2022-05-28T03:11:21.312Z] > git check-ignore -v -z --stdin [0ms]
[2022-05-28T03:11:23.255Z] > git rev-parse --show-toplevel [0ms]
[2022-05-28T03:11:23.255Z] fatal: not a git repository (or any of the parent directories): .git
[2022-05-28T03:11:23.300Z] > git check-ignore -v -z --stdin [2ms]
[2022-05-28T03:11:23.301Z] > git check-ignore -v -z --stdin [1ms]
[2022-05-28T03:11:25.722Z] > git rev-parse --show-toplevel [1ms]
[2022-05-28T03:11:25.722Z] fatal: not a git repository (or any of the parent directories): .git
[2022-05-28T03:11:25.750Z] > git check-ignore -v -z --stdin [3ms]
[2022-05-28T03:11:25.751Z] > git check-ignore -v -z --stdin [1ms]
[2022-05-28T03:11:42.253Z] > git rev-parse --show-toplevel [0ms]
[2022-05-28T03:11:42.253Z] fatal: not a git repository (or any of the parent directories): .git
[2022-05-28T03:11:42.303Z] > git check-ignore -v -z --stdin [2ms]
[2022-05-28T03:11:42.304Z] > git check-ignore -v -z --stdin [1ms]
[2022-05-28T03:11:48.184Z] > git rev-parse --show-toplevel [0ms]
[2022-05-28T03:11:48.184Z] fatal: not a git repository (or any of the parent directories): .git
[2022-05-28T03:11:48.235Z] > git check-ignore -v -z --stdin [3ms]
[2022-05-28T03:11:48.235Z] > git check-ignore -v -z --stdin [1ms]
[2022-05-28T03:11:50.919Z] > git rev-parse --show-toplevel [1ms]
[2022-05-28T03:11:50.919Z] fatal: not a git repository (or any of the parent directories): .git
[2022-05-28T03:11:50.974Z] > git check-ignore -v -z --stdin [3ms]
[2022-05-28T03:11:50.975Z] > git check-ignore -v -z --stdin [1ms]
[2022-05-28T03:11:55.019Z] > git rev-parse --show-toplevel [1ms]
[2022-05-28T03:11:55.019Z] fatal: not a git repository (or any of the parent directories): .git
[2022-05-28T03:11:55.073Z] > git check-ignore -v -z --stdin [3ms]
[2022-05-28T03:11:55.073Z] > git check-ignore -v -z --stdin [1ms]
[2022-05-28T03:11:58.543Z] > git rev-parse --show-toplevel [0ms]
[2022-05-28T03:11:58.543Z] fatal: not a git repository (or any of the parent directories): .git
[2022-05-28T03:11:58.593Z] > git check-ignore -v -z --stdin [2ms]
[2022-05-28T03:11:58.594Z] > git check-ignore -v -z --stdin [1ms]
[2022-05-28T03:12:02.417Z] > git rev-parse --show-toplevel [0ms]
[2022-05-28T03:12:02.417Z] fatal: not a git repository (or any of the parent directories): .git
[2022-05-28T03:12:02.474Z] > git check-ignore -v -z --stdin [4ms]
[2022-05-28T03:12:02.474Z] > git check-ignore -v -z --stdin [2ms]
[2022-05-28T03:12:04.392Z] > git rev-parse --show-toplevel [0ms]
[2022-05-28T03:12:04.392Z] fatal: not a git repository (or any of the parent directories): .git
[2022-05-28T03:12:04.448Z] > git check-ignore -v -z --stdin [3ms]
[2022-05-28T03:12:04.448Z] > git check-ignore -v -z --stdin [1ms]
[2022-05-28T03:12:33.570Z] > git rev-parse --show-toplevel [0ms]
[2022-05-28T03:12:33.573Z] > git rev-parse --git-dir --git-common-dir [0ms]
[2022-05-28T03:12:33.575Z] Open repository: /home/vmw19
[2022-05-28T03:12:33.895Z] > git show --textconv :venv/.gitignore [3ms]
[2022-05-28T03:12:33.895Z] > git ls-files --stage -- /home/vmw19/venv/.gitignore [1ms]
[2022-05-28T03:12:34.155Z] > git check-ignore -v -z --stdin [5ms]
[2022-05-28T03:12:34.155Z] > git check-ignore -v -z --stdin [3ms]
[2022-05-28T03:12:34.155Z] > git check-ignore -v -z --stdin [1ms]
[2022-05-28T03:12:36.235Z] > git status -z -uall [2657ms]
[2022-05-28T03:20:18.359Z] > git status -z -uall [4ms]
[2022-05-28T03:20:18.365Z] > git symbolic-ref --short HEAD [4ms]
[2022-05-28T03:20:18.369Z] > git ls-files --stage -- /home/vmw19/venv/.gitignore [3ms]
[2022-05-28T03:20:18.373Z] > git for-each-ref --format=%(refname)%00%(upstream:short)%00%(objectname)%00%(upstream:track)%00%(upstream:remotename)%00%(upstream:remoteref) refs/heads/master refs/remotes/master [5ms]
[2022-05-28T03:20:18.378Z] > git remote --verbose [0ms]
[2022-05-28T03:20:18.379Z] > git for-each-ref --sort -committerdate --format %(refname) %(objectname) %(*objectname) [4ms]
[2022-05-28T03:20:18.381Z] > git cat-file -s ece30b95b33ecf40586ddc2418495dfa3f366651 [9ms]
[2022-05-28T03:20:18.384Z] > git config --get commit.template [1ms]
[2022-05-28T03:20:18.390Z] > git show --textconv :venv/.gitignore [2ms]
[2022-05-28T03:20:58.925Z] > git check-ignore -v -z --stdin [3ms]
[2022-05-28T03:21:27.924Z] > git check-ignore -v -z --stdin [2ms]
[2022-05-28T03:22:09.930Z] > git check-ignore -v -z --stdin [2ms]
[2022-05-28T03:24:31.442Z] > git ls-files --stage -- /home/vmw19/venv/.gitignore [2ms]
[2022-05-28T03:24:31.446Z] > git cat-file -s ece30b95b33ecf40586ddc2418495dfa3f366651 [1ms]
[2022-05-28T03:24:31.456Z] > git show --textconv :venv/.gitignore [2ms]
[2022-05-28T03:24:42.096Z] > git check-ignore -v -z --stdin [3ms]
[2022-05-28T03:24:42.096Z] > git check-ignore -v -z --stdin [1ms]
[2022-05-28T03:24:42.100Z] > git check-ignore -v -z --stdin [9ms]
[2022-05-28T03:30:14.924Z] > git check-ignore -v -z --stdin [2ms]
[2022-05-28T03:59:55.119Z] > git ls-files --stage -- /home/vmw19/venv/.gitignore [2ms]
[2022-05-28T03:59:55.124Z] > git cat-file -s ece30b95b33ecf40586ddc2418495dfa3f366651 [1ms]
[2022-05-28T03:59:55.133Z] > git show --textconv :venv/.gitignore [2ms]
[2022-05-28T04:02:55.287Z] > git symbolic-ref --short HEAD [1ms]
[2022-05-28T04:02:55.293Z] > git remote add origin https://github.com/vmw19/mynewrepo.git [2ms]
[2022-05-28T04:02:55.296Z] > git status -z -uall [1ms]
[2022-05-28T04:02:55.299Z] > git symbolic-ref --short HEAD [0ms]
[2022-05-28T04:02:55.302Z] > git for-each-ref --format=%(refname)%00%(upstream:short)%00%(objectname)%00%(upstream:track)%00%(upstream:remotename)%00%(upstream:remoteref) refs/heads/master refs/remotes/master [0ms]
[2022-05-28T04:02:55.309Z] > git remote --verbose [1ms]
[2022-05-28T04:02:55.309Z] > git for-each-ref --sort -committerdate --format %(refname) %(objectname) %(*objectname) [4ms]
[2022-05-28T04:02:55.313Z] > git config --get commit.template [0ms]
[2022-05-28T04:02:56.308Z] > git push -u origin master [991ms]
[2022-05-28T04:02:56.308Z] To https://github.com/vmw19/mynewrepo.git
 * [new branch]      master -> master
[2022-05-28T04:02:56.312Z] > git status -z -uall [1ms]
[2022-05-28T04:02:56.315Z] > git symbolic-ref --short HEAD [1ms]
[2022-05-28T04:02:56.318Z] > git for-each-ref --format=%(refname)%00%(upstream:short)%00%(objectname)%00%(upstream:track)%00%(upstream:remotename)%00%(upstream:remoteref) refs/heads/master refs/remotes/master [1ms]
[2022-05-28T04:02:56.325Z] > git for-each-ref --sort -committerdate --format %(refname) %(objectname) %(*objectname) [4ms]
[2022-05-28T04:02:56.325Z] > git remote --verbose [1ms]
[2022-05-28T04:02:56.329Z] > git config --get commit.template [0ms]
[2022-05-28T04:02:57.395Z] > git status -z -uall [1ms]
[2022-05-28T04:02:57.398Z] > git symbolic-ref --short HEAD [0ms]
[2022-05-28T04:02:57.402Z] > git for-each-ref --format=%(refname)%00%(upstream:short)%00%(objectname)%00%(upstream:track)%00%(upstream:remotename)%00%(upstream:remoteref) refs/heads/master refs/remotes/master [1ms]
[2022-05-28T04:02:57.408Z] > git for-each-ref --sort -committerdate --format %(refname) %(objectname) %(*objectname) [3ms]
[2022-05-28T04:02:57.409Z] > git remote --verbose [2ms]
[2022-05-28T04:02:57.412Z] > git config --get commit.template [0ms]
[2022-05-28T04:03:38.060Z] > git check-ignore -v -z --stdin [0ms]
[2022-05-28T04:03:40.965Z] > git check-ignore -v -z --stdin [0ms]
[2022-05-28T04:03:44.729Z] > git show --textconv :app/__init__.py [549ms]
[2022-05-28T04:03:44.729Z] > git ls-files --stage -- /home/vmw19/mynewrepo/app/__init__.py [546ms]
[2022-05-28T04:03:44.740Z] > git cat-file -s e69de29bb2d1d6434b8b29ae775ad8c2e48c5391 [4ms]
[2022-05-28T04:03:45.355Z] > git show --textconv :app/run.py [10ms]
[2022-05-28T04:03:45.355Z] > git ls-files --stage -- /home/vmw19/mynewrepo/app/run.py [1ms]
[2022-05-28T04:03:45.363Z] > git cat-file -s e69de29bb2d1d6434b8b29ae775ad8c2e48c5391 [0ms]
[2022-05-28T04:03:46.775Z] > git check-ignore -v -z --stdin [0ms]
[2022-05-28T04:07:06.184Z] > git show --textconv :app/__init__.py [3ms]
[2022-05-28T04:07:06.185Z] > git ls-files --stage -- /home/vmw19/mynewrepo/app/__init__.py [1ms]
[2022-05-28T04:07:06.189Z] > git cat-file -s e69de29bb2d1d6434b8b29ae775ad8c2e48c5391 [0ms]
[2022-05-28T04:07:07.723Z] > git show --textconv :app/run.py [4ms]
[2022-05-28T04:07:07.723Z] > git ls-files --stage -- /home/vmw19/mynewrepo/app/run.py [1ms]
[2022-05-28T04:07:07.728Z] > git cat-file -s e69de29bb2d1d6434b8b29ae775ad8c2e48c5391 [1ms]
[2022-05-28T04:07:10.532Z] > git show --textconv :app/__init__.py [4ms]
[2022-05-28T04:07:10.532Z] > git ls-files --stage -- /home/vmw19/mynewrepo/app/__init__.py [1ms]
[2022-05-28T04:07:10.536Z] > git cat-file -s e69de29bb2d1d6434b8b29ae775ad8c2e48c5391 [1ms]
[2022-05-28T04:07:39.130Z] > git status -z -uall [1ms]
[2022-05-28T04:07:39.134Z] > git symbolic-ref --short HEAD [1ms]
[2022-05-28T04:07:39.138Z] > git for-each-ref --format=%(refname)%00%(upstream:short)%00%(objectname)%00%(upstream:track)%00%(upstream:remotename)%00%(upstream:remoteref) refs/heads/master refs/remotes/master [0ms]
[2022-05-28T04:07:39.145Z] > git remote --verbose [1ms]
[2022-05-28T04:07:39.146Z] > git for-each-ref --sort -committerdate --format %(refname) %(objectname) %(*objectname) [4ms]
[2022-05-28T04:07:39.152Z] > git config --get commit.template [1ms]
[2022-05-28T04:07:44.159Z] > git status -z -uall [1ms]
[2022-05-28T04:07:44.163Z] > git symbolic-ref --short HEAD [1ms]
[2022-05-28T04:07:44.167Z] > git for-each-ref --format=%(refname)%00%(upstream:short)%00%(objectname)%00%(upstream:track)%00%(upstream:remotename)%00%(upstream:remoteref) refs/heads/master refs/remotes/master [1ms]
[2022-05-28T04:07:44.173Z] > git for-each-ref --sort -committerdate --format %(refname) %(objectname) %(*objectname) [3ms]
[2022-05-28T04:07:44.173Z] > git remote --verbose [1ms]
[2022-05-28T04:07:44.178Z] > git config --get commit.template [0ms]
[2022-05-28T04:07:49.183Z] > git status -z -uall [0ms]
[2022-05-28T04:07:49.187Z] > git symbolic-ref --short HEAD [0ms]
[2022-05-28T04:07:49.193Z] > git for-each-ref --format=%(refname)%00%(upstream:short)%00%(objectname)%00%(upstream:track)%00%(upstream:remotename)%00%(upstream:remoteref) refs/heads/master refs/remotes/master [2ms]
[2022-05-28T04:07:49.201Z] > git remote --verbose [1ms]
[2022-05-28T04:07:49.201Z] > git for-each-ref --sort -committerdate --format %(refname) %(objectname) %(*objectname) [4ms]
[2022-05-28T04:07:49.207Z] > git config --get commit.template [1ms]
[2022-05-28T04:07:54.213Z] > git status -z -uall [2ms]
[2022-05-28T04:07:54.217Z] > git symbolic-ref --short HEAD [1ms]
[2022-05-28T04:07:54.221Z] > git for-each-ref --format=%(refname)%00%(upstream:short)%00%(objectname)%00%(upstream:track)%00%(upstream:remotename)%00%(upstream:remoteref) refs/heads/master refs/remotes/master [0ms]
[2022-05-28T04:07:54.228Z] > git for-each-ref --sort -committerdate --format %(refname) %(objectname) %(*objectname) [4ms]
[2022-05-28T04:07:54.228Z] > git remote --verbose [1ms]
[2022-05-28T04:07:54.233Z] > git config --get commit.template [1ms]
[2022-05-28T04:07:59.241Z] > git status -z -uall [1ms]
[2022-05-28T04:07:59.245Z] > git symbolic-ref --short HEAD [0ms]
[2022-05-28T04:07:59.249Z] > git for-each-ref --format=%(refname)%00%(upstream:short)%00%(objectname)%00%(upstream:track)%00%(upstream:remotename)%00%(upstream:remoteref) refs/heads/master refs/remotes/master [0ms]
[2022-05-28T04:07:59.260Z] > git remote --verbose [1ms]
[2022-05-28T04:07:59.260Z] > git for-each-ref --sort -committerdate --format %(refname) %(objectname) %(*objectname) [7ms]
[2022-05-28T04:07:59.265Z] > git config --get commit.template [1ms]
[2022-05-28T04:08:04.271Z] > git status -z -uall [1ms]
[2022-05-28T04:08:04.275Z] > git symbolic-ref --short HEAD [1ms]
[2022-05-28T04:08:04.280Z] > git for-each-ref --format=%(refname)%00%(upstream:short)%00%(objectname)%00%(upstream:track)%00%(upstream:remotename)%00%(upstream:remoteref) refs/heads/master refs/remotes/master [1ms]
[2022-05-28T04:08:04.287Z] > git remote --verbose [1ms]
[2022-05-28T04:08:04.288Z] > git for-each-ref --sort -committerdate --format %(refname) %(objectname) %(*objectname) [4ms]
[2022-05-28T04:08:04.293Z] > git config --get commit.template [1ms]
[2022-05-28T04:08:09.299Z] > git status -z -uall [1ms]
[2022-05-28T04:08:09.303Z] > git symbolic-ref --short HEAD [1ms]
[2022-05-28T04:08:09.307Z] > git for-each-ref --format=%(refname)%00%(upstream:short)%00%(objectname)%00%(upstream:track)%00%(upstream:remotename)%00%(upstream:remoteref) refs/heads/master refs/remotes/master [1ms]
[2022-05-28T04:08:09.314Z] > git remote --verbose [1ms]
[2022-05-28T04:08:09.314Z] > git for-each-ref --sort -committerdate --format %(refname) %(objectname) %(*objectname) [4ms]
[2022-05-28T04:08:09.320Z] > git config --get commit.template [1ms]
[2022-05-28T04:08:14.326Z] > git status -z -uall [1ms]
[2022-05-28T04:08:14.330Z] > git symbolic-ref --short HEAD [1ms]
[2022-05-28T04:08:14.334Z] > git for-each-ref --format=%(refname)%00%(upstream:short)%00%(objectname)%00%(upstream:track)%00%(upstream:remotename)%00%(upstream:remoteref) refs/heads/master refs/remotes/master [1ms]
[2022-05-28T04:08:14.341Z] > git for-each-ref --sort -committerdate --format %(refname) %(objectname) %(*objectname) [4ms]
[2022-05-28T04:08:14.341Z] > git remote --verbose [1ms]
[2022-05-28T04:08:14.346Z] > git config --get commit.template [1ms]
[2022-05-28T04:08:38.634Z] > git status -z -uall [1ms]
[2022-05-28T04:08:38.640Z] > git symbolic-ref --short HEAD [0ms]
[2022-05-28T04:08:38.645Z] > git for-each-ref --format=%(refname)%00%(upstream:short)%00%(objectname)%00%(upstream:track)%00%(upstream:remotename)%00%(upstream:remoteref) refs/heads/master refs/remotes/master [1ms]
[2022-05-28T04:08:38.653Z] > git remote --verbose [1ms]
[2022-05-28T04:08:38.654Z] > git for-each-ref --sort -committerdate --format %(refname) %(objectname) %(*objectname) [5ms]
[2022-05-28T04:08:38.661Z] > git config --get commit.template [1ms]
[2022-05-28T04:08:43.667Z] > git status -z -uall [1ms]
[2022-05-28T04:08:43.672Z] > git symbolic-ref --short HEAD [1ms]
[2022-05-28T04:08:43.677Z] > git for-each-ref --format=%(refname)%00%(upstream:short)%00%(objectname)%00%(upstream:track)%00%(upstream:remotename)%00%(upstream:remoteref) refs/heads/master refs/remotes/master [1ms]
[2022-05-28T04:08:43.683Z] > git for-each-ref --sort -committerdate --format %(refname) %(objectname) %(*objectname) [3ms]
[2022-05-28T04:08:43.683Z] > git remote --verbose [0ms]
[2022-05-28T04:08:43.689Z] > git config --get commit.template [1ms]
[2022-05-28T04:08:48.695Z] > git status -z -uall [1ms]
[2022-05-28T04:08:48.699Z] > git symbolic-ref --short HEAD [0ms]
[2022-05-28T04:08:48.704Z] > git for-each-ref --format=%(refname)%00%(upstream:short)%00%(objectname)%00%(upstream:track)%00%(upstream:remotename)%00%(upstream:remoteref) refs/heads/master refs/remotes/master [1ms]
[2022-05-28T04:08:48.711Z] > git for-each-ref --sort -committerdate --format %(refname) %(objectname) %(*objectname) [4ms]
[2022-05-28T04:08:48.711Z] > git remote --verbose [1ms]
[2022-05-28T04:08:48.716Z] > git config --get commit.template [0ms]
[2022-05-28T04:08:53.722Z] > git status -z -uall [0ms]
[2022-05-28T04:08:53.727Z] > git symbolic-ref --short HEAD [1ms]
[2022-05-28T04:08:53.731Z] > git for-each-ref --format=%(refname)%00%(upstream:short)%00%(objectname)%00%(upstream:track)%00%(upstream:remotename)%00%(upstream:remoteref) refs/heads/master refs/remotes/master [1ms]
[2022-05-28T04:08:53.739Z] > git for-each-ref --sort -committerdate --format %(refname) %(objectname) %(*objectname) [4ms]
[2022-05-28T04:08:53.739Z] > git remote --verbose [1ms]
[2022-05-28T04:08:53.746Z] > git config --get commit.template [2ms]
[2022-05-28T04:08:58.753Z] > git status -z -uall [1ms]
[2022-05-28T04:08:58.758Z] > git symbolic-ref --short HEAD [0ms]
[2022-05-28T04:08:58.763Z] > git for-each-ref --format=%(refname)%00%(upstream:short)%00%(objectname)%00%(upstream:track)%00%(upstream:remotename)%00%(upstream:remoteref) refs/heads/master refs/remotes/master [0ms]
[2022-05-28T04:08:58.773Z] > git for-each-ref --sort -committerdate --format %(refname) %(objectname) %(*objectname) [5ms]
[2022-05-28T04:08:58.774Z] > git remote --verbose [1ms]
[2022-05-28T04:08:58.780Z] > git config --get commit.template [1ms]
[2022-05-28T04:09:05.088Z] > git status -z -uall [2ms]
[2022-05-28T04:09:05.093Z] > git symbolic-ref --short HEAD [0ms]
[2022-05-28T04:09:05.098Z] > git for-each-ref --format=%(refname)%00%(upstream:short)%00%(objectname)%00%(upstream:track)%00%(upstream:remotename)%00%(upstream:remoteref) refs/heads/master refs/remotes/master [1ms]
[2022-05-28T04:09:05.107Z] > git for-each-ref --sort -committerdate --format %(refname) %(objectname) %(*objectname) [5ms]
[2022-05-28T04:09:05.107Z] > git remote --verbose [1ms]
[2022-05-28T04:09:05.113Z] > git config --get commit.template [1ms]
[2022-05-28T04:09:10.119Z] > git status -z -uall [1ms]
[2022-05-28T04:09:10.125Z] > git symbolic-ref --short HEAD [1ms]
[2022-05-28T04:09:10.130Z] > git for-each-ref --format=%(refname)%00%(upstream:short)%00%(objectname)%00%(upstream:track)%00%(upstream:remotename)%00%(upstream:remoteref) refs/heads/master refs/remotes/master [1ms]
[2022-05-28T04:09:10.141Z] > git for-each-ref --sort -committerdate --format %(refname) %(objectname) %(*objectname) [7ms]
[2022-05-28T04:09:10.142Z] > git remote --verbose [1ms]
[2022-05-28T04:09:10.148Z] > git config --get commit.template [1ms]
[2022-05-28T04:09:18.349Z] > git status -z -uall [1ms]
[2022-05-28T04:09:18.354Z] > git symbolic-ref --short HEAD [1ms]
[2022-05-28T04:09:18.360Z] > git for-each-ref --format=%(refname)%00%(upstream:short)%00%(objectname)%00%(upstream:track)%00%(upstream:remotename)%00%(upstream:remoteref) refs/heads/master refs/remotes/master [2ms]
[2022-05-28T04:09:18.368Z] > git for-each-ref --sort -committerdate --format %(refname) %(objectname) %(*objectname) [4ms]
[2022-05-28T04:09:18.369Z] > git remote --verbose [1ms]
[2022-05-28T04:09:18.375Z] > git config --get commit.template [1ms]
[2022-05-28T04:09:23.381Z] > git status -z -uall [1ms]
[2022-05-28T04:09:23.386Z] > git symbolic-ref --short HEAD [1ms]
[2022-05-28T04:09:23.392Z] > git for-each-ref --format=%(refname)%00%(upstream:short)%00%(objectname)%00%(upstream:track)%00%(upstream:remotename)%00%(upstream:remoteref) refs/heads/master refs/remotes/master [1ms]
[2022-05-28T04:09:23.400Z] > git for-each-ref --sort -committerdate --format %(refname) %(objectname) %(*objectname) [4ms]
[2022-05-28T04:09:23.400Z] > git remote --verbose [1ms]
[2022-05-28T04:09:23.407Z] > git config --get commit.template [0ms]
[2022-05-28T04:09:28.413Z] > git status -z -uall [1ms]
[2022-05-28T04:09:28.418Z] > git symbolic-ref --short HEAD [1ms]
[2022-05-28T04:09:28.423Z] > git for-each-ref --format=%(refname)%00%(upstream:short)%00%(objectname)%00%(upstream:track)%00%(upstream:remotename)%00%(upstream:remoteref) refs/heads/master refs/remotes/master [1ms]
[2022-05-28T04:09:28.431Z] > git for-each-ref --sort -committerdate --format %(refname) %(objectname) %(*objectname) [4ms]
[2022-05-28T04:09:28.432Z] > git remote --verbose [1ms]
[2022-05-28T04:09:28.437Z] > git config --get commit.template [0ms]
[2022-05-28T04:09:38.979Z] > git status -z -uall [1ms]
[2022-05-28T04:09:38.984Z] > git symbolic-ref --short HEAD [0ms]
[2022-05-28T04:09:38.992Z] > git for-each-ref --format=%(refname)%00%(upstream:short)%00%(objectname)%00%(upstream:track)%00%(upstream:remotename)%00%(upstream:remoteref) refs/heads/master refs/remotes/master [1ms]
[2022-05-28T04:09:39.001Z] > git remote --verbose [1ms]
[2022-05-28T04:09:39.001Z] > git for-each-ref --sort -committerdate --format %(refname) %(objectname) %(*objectname) [5ms]
[2022-05-28T04:09:39.012Z] > git config --get commit.template [5ms]
[2022-05-28T04:09:45.703Z] > git status -z -uall [0ms]
[2022-05-28T04:09:45.709Z] > git symbolic-ref --short HEAD [1ms]
[2022-05-28T04:09:45.714Z] > git for-each-ref --format=%(refname)%00%(upstream:short)%00%(objectname)%00%(upstream:track)%00%(upstream:remotename)%00%(upstream:remoteref) refs/heads/master refs/remotes/master [0ms]
[2022-05-28T04:09:45.722Z] > git for-each-ref --sort -committerdate --format %(refname) %(objectname) %(*objectname) [4ms]
[2022-05-28T04:09:45.722Z] > git remote --verbose [0ms]
[2022-05-28T04:09:45.729Z] > git config --get commit.template [1ms]
[2022-05-28T04:09:54.621Z] > git status -z -uall [1ms]
[2022-05-28T04:09:54.626Z] > git symbolic-ref --short HEAD [1ms]
[2022-05-28T04:09:54.631Z] > git for-each-ref --format=%(refname)%00%(upstream:short)%00%(objectname)%00%(upstream:track)%00%(upstream:remotename)%00%(upstream:remoteref) refs/heads/master refs/remotes/master [0ms]
[2022-05-28T04:09:54.640Z] > git for-each-ref --sort -committerdate --format %(refname) %(objectname) %(*objectname) [5ms]
[2022-05-28T04:09:54.640Z] > git remote --verbose [1ms]
[2022-05-28T04:09:54.646Z] > git config --get commit.template [1ms]
[2022-05-28T04:09:59.652Z] > git status -z -uall [2ms]
[2022-05-28T04:09:59.657Z] > git symbolic-ref --short HEAD [1ms]
[2022-05-28T04:09:59.662Z] > git for-each-ref --format=%(refname)%00%(upstream:short)%00%(objectname)%00%(upstream:track)%00%(upstream:remotename)%00%(upstream:remoteref) refs/heads/master refs/remotes/master [1ms]
[2022-05-28T04:09:59.669Z] > git for-each-ref --sort -committerdate --format %(refname) %(objectname) %(*objectname) [4ms]
[2022-05-28T04:09:59.669Z] > git remote --verbose [1ms]
[2022-05-28T04:09:59.675Z] > git config --get commit.template [0ms]
[2022-05-28T04:10:04.682Z] > git status -z -uall [1ms]
[2022-05-28T04:10:04.686Z] > git symbolic-ref --short HEAD [1ms]
[2022-05-28T04:10:04.690Z] > git for-each-ref --format=%(refname)%00%(upstream:short)%00%(objectname)%00%(upstream:track)%00%(upstream:remotename)%00%(upstream:remoteref) refs/heads/master refs/remotes/master [0ms]
[2022-05-28T04:10:04.698Z] > git for-each-ref --sort -committerdate --format %(refname) %(objectname) %(*objectname) [4ms]
[2022-05-28T04:10:04.699Z] > git remote --verbose [2ms]
[2022-05-28T04:10:04.704Z] > git config --get commit.template [0ms]
[2022-05-28T04:10:10.647Z] > git status -z -uall [0ms]
[2022-05-28T04:10:10.652Z] > git symbolic-ref --short HEAD [1ms]
[2022-05-28T04:10:10.656Z] > git for-each-ref --format=%(refname)%00%(upstream:short)%00%(objectname)%00%(upstream:track)%00%(upstream:remotename)%00%(upstream:remoteref) refs/heads/master refs/remotes/master [1ms]
[2022-05-28T04:10:10.663Z] > git for-each-ref --sort -committerdate --format %(refname) %(objectname) %(*objectname) [3ms]
[2022-05-28T04:10:10.664Z] > git remote --verbose [1ms]
[2022-05-28T04:10:10.670Z] > git config --get commit.template [0ms]
[2022-05-28T04:10:15.677Z] > git status -z -uall [1ms]
[2022-05-28T04:10:15.681Z] > git symbolic-ref --short HEAD [0ms]
[2022-05-28T04:10:15.686Z] > git for-each-ref --format=%(refname)%00%(upstream:short)%00%(objectname)%00%(upstream:track)%00%(upstream:remotename)%00%(upstream:remoteref) refs/heads/master refs/remotes/master [1ms]
[2022-05-28T04:10:15.693Z] > git for-each-ref --sort -committerdate --format %(refname) %(objectname) %(*objectname) [4ms]
[2022-05-28T04:10:15.693Z] > git remote --verbose [0ms]
[2022-05-28T04:10:15.699Z] > git config --get commit.template [1ms]
[2022-05-28T04:10:20.705Z] > git status -z -uall [1ms]
[2022-05-28T04:10:20.709Z] > git symbolic-ref --short HEAD [0ms]
[2022-05-28T04:10:20.714Z] > git for-each-ref --format=%(refname)%00%(upstream:short)%00%(objectname)%00%(upstream:track)%00%(upstream:remotename)%00%(upstream:remoteref) refs/heads/master refs/remotes/master [1ms]
[2022-05-28T04:10:20.721Z] > git for-each-ref --sort -committerdate --format %(refname) %(objectname) %(*objectname) [4ms]
[2022-05-28T04:10:20.721Z] > git remote --verbose [1ms]
[2022-05-28T04:10:20.727Z] > git config --get commit.template [0ms]
[2022-05-28T04:10:25.734Z] > git status -z -uall [1ms]
[2022-05-28T04:10:25.740Z] > git symbolic-ref --short HEAD [2ms]
[2022-05-28T04:10:25.744Z] > git for-each-ref --format=%(refname)%00%(upstream:short)%00%(objectname)%00%(upstream:track)%00%(upstream:remotename)%00%(upstream:remoteref) refs/heads/master refs/remotes/master [0ms]
[2022-05-28T04:10:25.752Z] > git remote --verbose [1ms]
[2022-05-28T04:10:25.752Z] > git for-each-ref --sort -committerdate --format %(refname) %(objectname) %(*objectname) [4ms]
[2022-05-28T04:10:25.757Z] > git config --get commit.template [0ms]
[2022-05-28T04:10:30.764Z] > git status -z -uall [1ms]
[2022-05-28T04:10:30.768Z] > git symbolic-ref --short HEAD [0ms]
[2022-05-28T04:10:30.774Z] > git for-each-ref --format=%(refname)%00%(upstream:short)%00%(objectname)%00%(upstream:track)%00%(upstream:remotename)%00%(upstream:remoteref) refs/heads/master refs/remotes/master [1ms]
[2022-05-28T04:10:30.782Z] > git for-each-ref --sort -committerdate --format %(refname) %(objectname) %(*objectname) [4ms]
[2022-05-28T04:10:30.782Z] > git remote --verbose [1ms]
[2022-05-28T04:10:30.788Z] > git config --get commit.template [1ms]
[2022-05-28T04:10:35.795Z] > git status -z -uall [1ms]
[2022-05-28T04:10:35.800Z] > git symbolic-ref --short HEAD [1ms]
[2022-05-28T04:10:35.804Z] > git for-each-ref --format=%(refname)%00%(upstream:short)%00%(objectname)%00%(upstream:track)%00%(upstream:remotename)%00%(upstream:remoteref) refs/heads/master refs/remotes/master [0ms]
[2022-05-28T04:10:35.812Z] > git for-each-ref --sort -committerdate --format %(refname) %(objectname) %(*objectname) [4ms]
[2022-05-28T04:10:35.812Z] > git remote --verbose [1ms]
[2022-05-28T04:10:35.817Z] > git config --get commit.template [0ms]
[2022-05-28T04:10:40.824Z] > git status -z -uall [1ms]
[2022-05-28T04:10:40.829Z] > git symbolic-ref --short HEAD [0ms]
[2022-05-28T04:10:40.834Z] > git for-each-ref --format=%(refname)%00%(upstream:short)%00%(objectname)%00%(upstream:track)%00%(upstream:remotename)%00%(upstream:remoteref) refs/heads/master refs/remotes/master [1ms]
[2022-05-28T04:10:40.841Z] > git for-each-ref --sort -committerdate --format %(refname) %(objectname) %(*objectname) [4ms]
[2022-05-28T04:10:40.841Z] > git remote --verbose [0ms]
[2022-05-28T04:10:40.847Z] > git config --get commit.template [1ms]
[2022-05-28T04:10:45.854Z] > git status -z -uall [1ms]
[2022-05-28T04:10:45.859Z] > git symbolic-ref --short HEAD [1ms]
[2022-05-28T04:10:45.863Z] > git for-each-ref --format=%(refname)%00%(upstream:short)%00%(objectname)%00%(upstream:track)%00%(upstream:remotename)%00%(upstream:remoteref) refs/heads/master refs/remotes/master [0ms]
[2022-05-28T04:10:45.871Z] > git for-each-ref --sort -committerdate --format %(refname) %(objectname) %(*objectname) [4ms]
[2022-05-28T04:10:45.871Z] > git remote --verbose [1ms]
[2022-05-28T04:10:45.878Z] > git config --get commit.template [2ms]
[2022-05-28T04:10:50.885Z] > git status -z -uall [1ms]
[2022-05-28T04:10:50.890Z] > git symbolic-ref --short HEAD [0ms]
[2022-05-28T04:10:50.895Z] > git for-each-ref --format=%(refname)%00%(upstream:short)%00%(objectname)%00%(upstream:track)%00%(upstream:remotename)%00%(upstream:remoteref) refs/heads/master refs/remotes/master [1ms]
[2022-05-28T04:10:50.903Z] > git for-each-ref --sort -committerdate --format %(refname) %(objectname) %(*objectname) [3ms]
[2022-05-28T04:10:50.903Z] > git remote --verbose [1ms]
[2022-05-28T04:10:50.909Z] > git config --get commit.template [1ms]
[2022-05-28T04:10:55.915Z] > git status -z -uall [1ms]
[2022-05-28T04:10:55.920Z] > git symbolic-ref --short HEAD [0ms]
[2022-05-28T04:10:55.925Z] > git for-each-ref --format=%(refname)%00%(upstream:short)%00%(objectname)%00%(upstream:track)%00%(upstream:remotename)%00%(upstream:remoteref) refs/heads/master refs/remotes/master [1ms]
[2022-05-28T04:10:55.932Z] > git for-each-ref --sort -committerdate --format %(refname) %(objectname) %(*objectname) [4ms]
[2022-05-28T04:10:55.933Z] > git remote --verbose [1ms]
[2022-05-28T04:10:55.938Z] > git config --get commit.template [0ms]
[2022-05-28T04:11:00.945Z] > git status -z -uall [1ms]
[2022-05-28T04:11:00.950Z] > git symbolic-ref --short HEAD [1ms]
[2022-05-28T04:11:00.955Z] > git for-each-ref --format=%(refname)%00%(upstream:short)%00%(objectname)%00%(upstream:track)%00%(upstream:remotename)%00%(upstream:remoteref) refs/heads/master refs/remotes/master [0ms]
[2022-05-28T04:11:00.962Z] > git for-each-ref --sort -committerdate --format %(refname) %(objectname) %(*objectname) [4ms]
[2022-05-28T04:11:00.962Z] > git remote --verbose [1ms]
[2022-05-28T04:11:00.967Z] > git config --get commit.template [0ms]
[2022-05-28T04:11:05.974Z] > git status -z -uall [1ms]
[2022-05-28T04:11:05.979Z] > git symbolic-ref --short HEAD [1ms]
[2022-05-28T04:11:05.984Z] > git for-each-ref --format=%(refname)%00%(upstream:short)%00%(objectname)%00%(upstream:track)%00%(upstream:remotename)%00%(upstream:remoteref) refs/heads/master refs/remotes/master [1ms]
[2022-05-28T04:11:05.991Z] > git for-each-ref --sort -committerdate --format %(refname) %(objectname) %(*objectname) [4ms]
[2022-05-28T04:11:05.991Z] > git remote --verbose [0ms]
[2022-05-28T04:11:05.997Z] > git config --get commit.template [1ms]
[2022-05-28T04:11:11.004Z] > git status -z -uall [1ms]
[2022-05-28T04:11:11.009Z] > git symbolic-ref --short HEAD [0ms]
[2022-05-28T04:11:11.014Z] > git for-each-ref --format=%(refname)%00%(upstream:short)%00%(objectname)%00%(upstream:track)%00%(upstream:remotename)%00%(upstream:remoteref) refs/heads/master refs/remotes/master [0ms]
[2022-05-28T04:11:11.022Z] > git for-each-ref --sort -committerdate --format %(refname) %(objectname) %(*objectname) [4ms]
[2022-05-28T04:11:11.022Z] > git remote --verbose [1ms]
[2022-05-28T04:11:11.027Z] > git config --get commit.template [0ms]
[2022-05-28T04:12:02.492Z] > git status -z -uall [2ms]
[2022-05-28T04:12:02.498Z] > git symbolic-ref --short HEAD [0ms]
[2022-05-28T04:12:02.503Z] > git for-each-ref --format=%(refname)%00%(upstream:short)%00%(objectname)%00%(upstream:track)%00%(upstream:remotename)%00%(upstream:remoteref) refs/heads/master refs/remotes/master [0ms]
[2022-05-28T04:12:02.511Z] > git for-each-ref --sort -committerdate --format %(refname) %(objectname) %(*objectname) [3ms]
[2022-05-28T04:12:02.511Z] > git remote --verbose [0ms]
[2022-05-28T04:12:02.517Z] > git config --get commit.template [0ms]
[2022-05-28T04:12:19.972Z] > git status -z -uall [1ms]
[2022-05-28T04:12:19.977Z] > git symbolic-ref --short HEAD [0ms]
[2022-05-28T04:12:19.982Z] > git for-each-ref --format=%(refname)%00%(upstream:short)%00%(objectname)%00%(upstream:track)%00%(upstream:remotename)%00%(upstream:remoteref) refs/heads/master refs/remotes/master [1ms]
[2022-05-28T04:12:19.991Z] > git for-each-ref --sort -committerdate --format %(refname) %(objectname) %(*objectname) [6ms]
[2022-05-28T04:12:19.991Z] > git remote --verbose [2ms]
[2022-05-28T04:12:19.996Z] > git config --get commit.template [0ms]
[2022-05-28T04:12:26.103Z] > git status -z -uall [0ms]
[2022-05-28T04:12:26.108Z] > git symbolic-ref --short HEAD [0ms]
[2022-05-28T04:12:26.113Z] > git for-each-ref --format=%(refname)%00%(upstream:short)%00%(objectname)%00%(upstream:track)%00%(upstream:remotename)%00%(upstream:remoteref) refs/heads/master refs/remotes/master [1ms]
[2022-05-28T04:12:26.120Z] > git for-each-ref --sort -committerdate --format %(refname) %(objectname) %(*objectname) [3ms]
[2022-05-28T04:12:26.121Z] > git remote --verbose [1ms]
[2022-05-28T04:12:26.126Z] > git config --get commit.template [0ms]
[2022-05-28T04:12:31.133Z] > git status -z -uall [1ms]
[2022-05-28T04:12:31.138Z] > git symbolic-ref --short HEAD [1ms]
[2022-05-28T04:12:31.142Z] > git for-each-ref --format=%(refname)%00%(upstream:short)%00%(objectname)%00%(upstream:track)%00%(upstream:remotename)%00%(upstream:remoteref) refs/heads/master refs/remotes/master [0ms]
[2022-05-28T04:12:31.150Z] > git for-each-ref --sort -committerdate --format %(refname) %(objectname) %(*objectname) [4ms]
[2022-05-28T04:12:31.150Z] > git remote --verbose [1ms]
[2022-05-28T04:12:31.155Z] > git config --get commit.template [0ms]
[2022-05-28T04:12:40.507Z] > git status -z -uall [1ms]
[2022-05-28T04:12:40.513Z] > git symbolic-ref --short HEAD [1ms]
[2022-05-28T04:12:40.517Z] > git for-each-ref --format=%(refname)%00%(upstream:short)%00%(objectname)%00%(upstream:track)%00%(upstream:remotename)%00%(upstream:remoteref) refs/heads/master refs/remotes/master [0ms]
[2022-05-28T04:12:40.525Z] > git for-each-ref --sort -committerdate --format %(refname) %(objectname) %(*objectname) [4ms]
[2022-05-28T04:12:40.525Z] > git remote --verbose [1ms]
[2022-05-28T04:12:40.531Z] > git config --get commit.template [1ms]
[2022-05-28T04:12:59.901Z] > git show --textconv :app/run.py [4ms]
[2022-05-28T04:12:59.901Z] > git ls-files --stage -- /home/vmw19/mynewrepo/app/run.py [1ms]
[2022-05-28T04:12:59.907Z] > git cat-file -s e69de29bb2d1d6434b8b29ae775ad8c2e48c5391 [1ms]
[2022-05-28T04:13:04.437Z] > git status -z -uall [1ms]
[2022-05-28T04:13:04.443Z] > git symbolic-ref --short HEAD [0ms]
[2022-05-28T04:13:04.447Z] > git for-each-ref --format=%(refname)%00%(upstream:short)%00%(objectname)%00%(upstream:track)%00%(upstream:remotename)%00%(upstream:remoteref) refs/heads/master refs/remotes/master [1ms]
[2022-05-28T04:13:04.456Z] > git for-each-ref --sort -committerdate --format %(refname) %(objectname) %(*objectname) [5ms]
[2022-05-28T04:13:04.456Z] > git remote --verbose [1ms]
[2022-05-28T04:13:04.462Z] > git config --get commit.template [1ms]
[2022-05-28T04:13:11.273Z] > git status -z -uall [1ms]
[2022-05-28T04:13:11.278Z] > git symbolic-ref --short HEAD [1ms]
[2022-05-28T04:13:11.282Z] > git for-each-ref --format=%(refname)%00%(upstream:short)%00%(objectname)%00%(upstream:track)%00%(upstream:remotename)%00%(upstream:remoteref) refs/heads/master refs/remotes/master [0ms]
[2022-05-28T04:13:11.290Z] > git for-each-ref --sort -committerdate --format %(refname) %(objectname) %(*objectname) [4ms]
[2022-05-28T04:13:11.290Z] > git remote --verbose [0ms]
[2022-05-28T04:13:11.296Z] > git config --get commit.template [1ms]
[2022-05-28T04:13:16.303Z] > git status -z -uall [1ms]
[2022-05-28T04:13:16.308Z] > git symbolic-ref --short HEAD [0ms]
[2022-05-28T04:13:16.313Z] > git for-each-ref --format=%(refname)%00%(upstream:short)%00%(objectname)%00%(upstream:track)%00%(upstream:remotename)%00%(upstream:remoteref) refs/heads/master refs/remotes/master [1ms]
[2022-05-28T04:13:16.322Z] > git for-each-ref --sort -committerdate --format %(refname) %(objectname) %(*objectname) [4ms]
[2022-05-28T04:13:16.322Z] > git remote --verbose [1ms]
[2022-05-28T04:13:16.327Z] > git config --get commit.template [0ms]
[2022-05-28T04:13:23.115Z] > git status -z -uall [1ms]
[2022-05-28T04:13:23.121Z] > git symbolic-ref --short HEAD [1ms]
[2022-05-28T04:13:23.126Z] > git for-each-ref --format=%(refname)%00%(upstream:short)%00%(objectname)%00%(upstream:track)%00%(upstream:remotename)%00%(upstream:remoteref) refs/heads/master refs/remotes/master [1ms]
[2022-05-28T04:13:23.134Z] > git for-each-ref --sort -committerdate --format %(refname) %(objectname) %(*objectname) [4ms]
[2022-05-28T04:13:23.134Z] > git remote --verbose [1ms]
[2022-05-28T04:13:23.140Z] > git config --get commit.template [0ms]
[2022-05-28T04:18:45.612Z] > git ls-files --stage -- /home/vmw19/mynewrepo/app/run.py [1ms]
[2022-05-28T04:18:45.617Z] > git cat-file -s e69de29bb2d1d6434b8b29ae775ad8c2e48c5391 [1ms]
[2022-05-28T04:18:45.629Z] > git show --textconv :app/run.py [1ms]
[2022-05-28T04:19:10.053Z] > git symbolic-ref --short HEAD [2ms]
[2022-05-28T04:19:10.059Z] > git remote add origin https://github.com/vmw19/vmw19.git [0ms]
[2022-05-28T04:19:10.059Z] fatal: remote origin already exists.
[2022-05-28T04:19:18.728Z] git.stage 1
[2022-05-28T04:19:18.729Z] git.stage.scmResources 1
[2022-05-28T04:19:18.736Z] > git add -A -- /home/vmw19/mynewrepo/app/run.py [1ms]
[2022-05-28T04:19:18.742Z] > git status -z -uall [1ms]
[2022-05-28T04:19:18.747Z] > git symbolic-ref --short HEAD [1ms]
[2022-05-28T04:19:18.751Z] > git for-each-ref --format=%(refname)%00%(upstream:short)%00%(objectname)%00%(upstream:track)%00%(upstream:remotename)%00%(upstream:remoteref) refs/heads/master refs/remotes/master [1ms]
[2022-05-28T04:19:18.760Z] > git for-each-ref --sort -committerdate --format %(refname) %(objectname) %(*objectname) [4ms]
[2022-05-28T04:19:18.760Z] > git remote --verbose [0ms]
[2022-05-28T04:19:18.766Z] > git config --get commit.template [1ms]
[2022-05-28T04:19:19.832Z] > git status -z -uall [1ms]
[2022-05-28T04:19:19.837Z] > git symbolic-ref --short HEAD [1ms]
[2022-05-28T04:19:19.843Z] > git for-each-ref --format=%(refname)%00%(upstream:short)%00%(objectname)%00%(upstream:track)%00%(upstream:remotename)%00%(upstream:remoteref) refs/heads/master refs/remotes/master [1ms]
[2022-05-28T04:19:19.851Z] > git remote --verbose [1ms]
[2022-05-28T04:19:19.851Z] > git for-each-ref --sort -committerdate --format %(refname) %(objectname) %(*objectname) [4ms]
[2022-05-28T04:19:19.858Z] > git config --get commit.template [1ms]
[2022-05-28T04:19:19.936Z] > git ls-files --stage -- /home/vmw19/mynewrepo/app/run.py [0ms]
[2022-05-28T04:19:19.942Z] > git cat-file -s 19eeb0f465243f6e96b79df62e8ee49238781d40 [0ms]
[2022-05-28T04:19:19.953Z] > git show --textconv :app/run.py [2ms]
[2022-05-28T04:19:59.993Z] > git show --textconv HEAD:app/run.py [18ms]
[2022-05-28T04:19:59.993Z] > git show --textconv :app/run.py [13ms]
[2022-05-28T04:19:59.993Z] > git ls-files --stage -- /home/vmw19/mynewrepo/app/run.py [1ms]
[2022-05-28T04:19:59.997Z] > git ls-tree -l HEAD -- /home/vmw19/mynewrepo/app/run.py [12ms]
[2022-05-28T04:20:00.000Z] > git cat-file -s 19eeb0f465243f6e96b79df62e8ee49238781d40 [3ms]
[2022-05-28T04:20:00.498Z] > git check-ignore -v -z --stdin [0ms]
[2022-05-28T04:20:11.139Z] > git ls-tree -l HEAD -- /home/vmw19/mynewrepo/app/run.py [5ms]
[2022-05-28T04:20:11.141Z] > git ls-files --stage -- /home/vmw19/mynewrepo/app/run.py [2ms]
[2022-05-28T04:20:11.146Z] > git cat-file -s 19eeb0f465243f6e96b79df62e8ee49238781d40 [1ms]
[2022-05-28T04:20:31.611Z] > git status -z -uall [3ms]
[2022-05-28T04:20:31.617Z] > git symbolic-ref --short HEAD [1ms]
[2022-05-28T04:20:31.621Z] > git for-each-ref --format=%(refname)%00%(upstream:short)%00%(objectname)%00%(upstream:track)%00%(upstream:remotename)%00%(upstream:remoteref) refs/heads/master refs/remotes/master [0ms]
[2022-05-28T04:20:31.630Z] > git for-each-ref --sort -committerdate --format %(refname) %(objectname) %(*objectname) [4ms]
[2022-05-28T04:20:31.630Z] > git remote --verbose [1ms]
[2022-05-28T04:20:31.635Z] > git config --get commit.template [1ms]
[2022-05-28T04:20:46.614Z] > git add -A -- /home/vmw19/mynewrepo/app/__init__.py [2ms]
[2022-05-28T04:20:46.619Z] > git status -z -uall [1ms]
[2022-05-28T04:20:46.625Z] > git symbolic-ref --short HEAD [1ms]
[2022-05-28T04:20:46.630Z] > git for-each-ref --format=%(refname)%00%(upstream:short)%00%(objectname)%00%(upstream:track)%00%(upstream:remotename)%00%(upstream:remoteref) refs/heads/master refs/remotes/master [1ms]
[2022-05-28T04:20:46.640Z] > git for-each-ref --sort -committerdate --format %(refname) %(objectname) %(*objectname) [5ms]
[2022-05-28T04:20:46.640Z] > git remote --verbose [0ms]
[2022-05-28T04:20:46.647Z] > git config --get commit.template [1ms]
[2022-05-28T04:20:47.776Z] > git status -z -uall [1ms]
[2022-05-28T04:20:47.781Z] > git symbolic-ref --short HEAD [1ms]
[2022-05-28T04:20:47.787Z] > git for-each-ref --format=%(refname)%00%(upstream:short)%00%(objectname)%00%(upstream:track)%00%(upstream:remotename)%00%(upstream:remoteref) refs/heads/master refs/remotes/master [0ms]
[2022-05-28T04:20:47.795Z] > git for-each-ref --sort -committerdate --format %(refname) %(objectname) %(*objectname) [4ms]
[2022-05-28T04:20:47.795Z] > git remote --verbose [0ms]
[2022-05-28T04:20:47.800Z] > git config --get commit.template [0ms]
[2022-05-28T04:20:47.884Z] > git ls-tree -l HEAD -- /home/vmw19/mynewrepo/app/run.py [3ms]
[2022-05-28T04:20:47.885Z] > git ls-files --stage -- /home/vmw19/mynewrepo/app/run.py [1ms]
[2022-05-28T04:20:47.890Z] > git cat-file -s 19eeb0f465243f6e96b79df62e8ee49238781d40 [0ms]
[2022-05-28T04:20:47.903Z] > git show --textconv HEAD:app/run.py [6ms]
[2022-05-28T04:20:47.903Z] > git show --textconv :app/run.py [1ms]
[2022-05-28T04:20:52.806Z] > git status -z -uall [1ms]
[2022-05-28T04:20:52.811Z] > git symbolic-ref --short HEAD [0ms]
[2022-05-28T04:20:52.817Z] > git for-each-ref --format=%(refname)%00%(upstream:short)%00%(objectname)%00%(upstream:track)%00%(upstream:remotename)%00%(upstream:remoteref) refs/heads/master refs/remotes/master [1ms]
[2022-05-28T04:20:52.825Z] > git for-each-ref --sort -committerdate --format %(refname) %(objectname) %(*objectname) [5ms]
[2022-05-28T04:20:52.826Z] > git remote --verbose [1ms]
[2022-05-28T04:20:52.831Z] > git config --get commit.template [1ms]
[2022-05-28T04:21:09.823Z] > git ls-tree -l HEAD -- /home/vmw19/mynewrepo/app/run.py [5ms]
[2022-05-28T04:21:09.824Z] > git ls-files --stage -- /home/vmw19/mynewrepo/app/run.py [1ms]
[2022-05-28T04:21:09.828Z] > git cat-file -s 19eeb0f465243f6e96b79df62e8ee49238781d40 [0ms]
[2022-05-28T04:21:22.349Z] > git show --textconv :app/__init__.py [5ms]
[2022-05-28T04:21:22.349Z] > git ls-files --stage -- /home/vmw19/mynewrepo/app/__init__.py [0ms]
[2022-05-28T04:21:22.354Z] > git cat-file -s ca24de9ee03d12ab9154aecdb6fdb91bff22da8e [1ms]
[2022-05-28T04:21:41.911Z] > git show --textconv :README.md [4ms]
[2022-05-28T04:21:41.912Z] > git ls-files --stage -- /home/vmw19/mynewrepo/README.md [1ms]
[2022-05-28T04:21:41.916Z] > git cat-file -s e69de29bb2d1d6434b8b29ae775ad8c2e48c5391 [0ms]
[2022-05-28T04:21:52.357Z] > git status -z -uall [1ms]
[2022-05-28T04:21:52.362Z] > git symbolic-ref --short HEAD [1ms]
[2022-05-28T04:21:52.366Z] > git for-each-ref --format=%(refname)%00%(upstream:short)%00%(objectname)%00%(upstream:track)%00%(upstream:remotename)%00%(upstream:remoteref) refs/heads/master refs/remotes/master [0ms]
[2022-05-28T04:21:52.373Z] > git for-each-ref --sort -committerdate --format %(refname) %(objectname) %(*objectname) [3ms]
[2022-05-28T04:21:52.373Z] > git remote --verbose [0ms]
[2022-05-28T04:21:52.379Z] > git config --get commit.template [1ms]
[2022-05-28T04:21:58.290Z] > git status -z -uall [1ms]
[2022-05-28T04:21:58.295Z] > git symbolic-ref --short HEAD [1ms]
[2022-05-28T04:21:58.299Z] > git for-each-ref --format=%(refname)%00%(upstream:short)%00%(objectname)%00%(upstream:track)%00%(upstream:remotename)%00%(upstream:remoteref) refs/heads/master refs/remotes/master [0ms]
[2022-05-28T04:21:58.307Z] > git for-each-ref --sort -committerdate --format %(refname) %(objectname) %(*objectname) [4ms]
[2022-05-28T04:21:58.308Z] > git remote --verbose [2ms]
[2022-05-28T04:21:58.313Z] > git config --get commit.template [1ms]
[2022-05-28T04:22:07.292Z] > git status -z -uall [1ms]
[2022-05-28T04:22:07.297Z] > git symbolic-ref --short HEAD [1ms]
[2022-05-28T04:22:07.301Z] > git for-each-ref --format=%(refname)%00%(upstream:short)%00%(objectname)%00%(upstream:track)%00%(upstream:remotename)%00%(upstream:remoteref) refs/heads/master refs/remotes/master [0ms]
[2022-05-28T04:22:07.308Z] > git for-each-ref --sort -committerdate --format %(refname) %(objectname) %(*objectname) [3ms]
[2022-05-28T04:22:07.309Z] > git remote --verbose [1ms]
[2022-05-28T04:22:07.314Z] > git config --get commit.template [0ms]
[2022-05-28T04:22:14.107Z] > git status -z -uall [1ms]
[2022-05-28T04:22:14.112Z] > git symbolic-ref --short HEAD [0ms]
[2022-05-28T04:22:14.117Z] > git for-each-ref --format=%(refname)%00%(upstream:short)%00%(objectname)%00%(upstream:track)%00%(upstream:remotename)%00%(upstream:remoteref) refs/heads/master refs/remotes/master [1ms]
[2022-05-28T04:22:14.124Z] > git for-each-ref --sort -committerdate --format %(refname) %(objectname) %(*objectname) [4ms]
[2022-05-28T04:22:14.124Z] > git remote --verbose [1ms]
[2022-05-28T04:22:14.129Z] > git config --get commit.template [1ms]
[2022-05-28T04:22:20.120Z] > git status -z -uall [1ms]
[2022-05-28T04:22:20.126Z] > git symbolic-ref --short HEAD [0ms]
[2022-05-28T04:22:20.131Z] > git for-each-ref --format=%(refname)%00%(upstream:short)%00%(objectname)%00%(upstream:track)%00%(upstream:remotename)%00%(upstream:remoteref) refs/heads/master refs/remotes/master [1ms]
[2022-05-28T04:22:20.140Z] > git for-each-ref --sort -committerdate --format %(refname) %(objectname) %(*objectname) [6ms]
[2022-05-28T04:22:20.140Z] > git remote --verbose [1ms]
[2022-05-28T04:22:20.146Z] > git config --get commit.template [1ms]
[2022-05-28T04:24:41.163Z] > git ls-files --stage -- /home/vmw19/mynewrepo/README.md [1ms]
[2022-05-28T04:24:41.168Z] > git cat-file -s e69de29bb2d1d6434b8b29ae775ad8c2e48c5391 [1ms]
[2022-05-28T04:24:41.179Z] > git show --textconv :README.md [1ms]
[2022-05-28T04:24:42.163Z] > git status -z -uall [1ms]
[2022-05-28T04:24:42.167Z] > git symbolic-ref --short HEAD [0ms]
[2022-05-28T04:24:42.173Z] > git for-each-ref --format=%(refname)%00%(upstream:short)%00%(objectname)%00%(upstream:track)%00%(upstream:remotename)%00%(upstream:remoteref) refs/heads/master refs/remotes/master [0ms]
[2022-05-28T04:24:42.181Z] > git for-each-ref --sort -committerdate --format %(refname) %(objectname) %(*objectname) [4ms]
[2022-05-28T04:24:42.181Z] > git remote --verbose [1ms]
[2022-05-28T04:24:42.186Z] > git config --get commit.template [1ms]
[2022-05-28T04:25:51.326Z] > git show --textconv :app/__init__.py [6ms]
[2022-05-28T04:25:51.326Z] > git ls-files --stage -- /home/vmw19/mynewrepo/app/__init__.py [1ms]
[2022-05-28T04:25:51.332Z] > git cat-file -s ca24de9ee03d12ab9154aecdb6fdb91bff22da8e [1ms]
[2022-05-28T04:25:59.456Z] > git status -z -uall [1ms]
[2022-05-28T04:25:59.463Z] > git symbolic-ref --short HEAD [2ms]
[2022-05-28T04:25:59.469Z] > git for-each-ref --format=%(refname)%00%(upstream:short)%00%(objectname)%00%(upstream:track)%00%(upstream:remotename)%00%(upstream:remoteref) refs/heads/master refs/remotes/master [0ms]
[2022-05-28T04:25:59.480Z] > git remote --verbose [1ms]
[2022-05-28T04:25:59.480Z] > git for-each-ref --sort -committerdate --format %(refname) %(objectname) %(*objectname) [5ms]
[2022-05-28T04:25:59.488Z] > git config --get commit.template [1ms]
[2022-05-28T04:26:04.495Z] > git status -z -uall [1ms]
[2022-05-28T04:26:04.500Z] > git symbolic-ref --short HEAD [0ms]
[2022-05-28T04:26:04.507Z] > git for-each-ref --format=%(refname)%00%(upstream:short)%00%(objectname)%00%(upstream:track)%00%(upstream:remotename)%00%(upstream:remoteref) refs/heads/master refs/remotes/master [1ms]
[2022-05-28T04:26:04.515Z] > git for-each-ref --sort -committerdate --format %(refname) %(objectname) %(*objectname) [4ms]
[2022-05-28T04:26:04.515Z] > git remote --verbose [1ms]
[2022-05-28T04:26:04.522Z] > git config --get commit.template [1ms]
[2022-05-28T04:26:12.010Z] > git status -z -uall [1ms]
[2022-05-28T04:26:12.015Z] > git symbolic-ref --short HEAD [1ms]
[2022-05-28T04:26:12.020Z] > git for-each-ref --format=%(refname)%00%(upstream:short)%00%(objectname)%00%(upstream:track)%00%(upstream:remotename)%00%(upstream:remoteref) refs/heads/master refs/remotes/master [1ms]
[2022-05-28T04:26:12.030Z] > git for-each-ref --sort -committerdate --format %(refname) %(objectname) %(*objectname) [5ms]
[2022-05-28T04:26:12.030Z] > git remote --verbose [0ms]
[2022-05-28T04:26:12.036Z] > git config --get commit.template [0ms]
[2022-05-28T04:26:18.511Z] > git status -z -uall [1ms]
[2022-05-28T04:26:18.516Z] > git symbolic-ref --short HEAD [1ms]
[2022-05-28T04:26:18.523Z] > git for-each-ref --format=%(refname)%00%(upstream:short)%00%(objectname)%00%(upstream:track)%00%(upstream:remotename)%00%(upstream:remoteref) refs/heads/master refs/remotes/master [0ms]
[2022-05-28T04:26:18.534Z] > git for-each-ref --sort -committerdate --format %(refname) %(objectname) %(*objectname) [6ms]
[2022-05-28T04:26:18.534Z] > git remote --verbose [1ms]
[2022-05-28T04:26:18.541Z] > git config --get commit.template [0ms]
[2022-05-28T04:26:23.548Z] > git status -z -uall [1ms]
[2022-05-28T04:26:23.554Z] > git symbolic-ref --short HEAD [1ms]
[2022-05-28T04:26:23.559Z] > git for-each-ref --format=%(refname)%00%(upstream:short)%00%(objectname)%00%(upstream:track)%00%(upstream:remotename)%00%(upstream:remoteref) refs/heads/master refs/remotes/master [0ms]
[2022-05-28T04:26:23.567Z] > git for-each-ref --sort -committerdate --format %(refname) %(objectname) %(*objectname) [4ms]
[2022-05-28T04:26:23.567Z] > git remote --verbose [0ms]
[2022-05-28T04:26:23.576Z] > git config --get commit.template [2ms]
[2022-05-28T04:26:28.583Z] > git status -z -uall [1ms]
[2022-05-28T04:26:28.590Z] > git symbolic-ref --short HEAD [1ms]
[2022-05-28T04:26:28.597Z] > git for-each-ref --format=%(refname)%00%(upstream:short)%00%(objectname)%00%(upstream:track)%00%(upstream:remotename)%00%(upstream:remoteref) refs/heads/master refs/remotes/master [1ms]
[2022-05-28T04:26:28.608Z] > git for-each-ref --sort -committerdate --format %(refname) %(objectname) %(*objectname) [7ms]
[2022-05-28T04:26:28.608Z] > git remote --verbose [1ms]
[2022-05-28T04:26:28.614Z] > git config --get commit.template [0ms]
[2022-05-28T04:26:33.621Z] > git status -z -uall [1ms]
[2022-05-28T04:26:33.627Z] > git symbolic-ref --short HEAD [0ms]
[2022-05-28T04:26:33.633Z] > git for-each-ref --format=%(refname)%00%(upstream:short)%00%(objectname)%00%(upstream:track)%00%(upstream:remotename)%00%(upstream:remoteref) refs/heads/master refs/remotes/master [1ms]
[2022-05-28T04:26:33.643Z] > git for-each-ref --sort -committerdate --format %(refname) %(objectname) %(*objectname) [6ms]
[2022-05-28T04:26:33.643Z] > git remote --verbose [1ms]
[2022-05-28T04:26:33.649Z] > git config --get commit.template [1ms]
[2022-05-28T04:26:38.657Z] > git status -z -uall [1ms]
[2022-05-28T04:26:38.662Z] > git symbolic-ref --short HEAD [0ms]
[2022-05-28T04:26:38.667Z] > git for-each-ref --format=%(refname)%00%(upstream:short)%00%(objectname)%00%(upstream:track)%00%(upstream:remotename)%00%(upstream:remoteref) refs/heads/master refs/remotes/master [1ms]
[2022-05-28T04:26:38.678Z] > git for-each-ref --sort -committerdate --format %(refname) %(objectname) %(*objectname) [6ms]
[2022-05-28T04:26:38.678Z] > git remote --verbose [1ms]
[2022-05-28T04:26:38.684Z] > git config --get commit.template [0ms]
[2022-05-28T04:26:43.691Z] > git status -z -uall [1ms]
[2022-05-28T04:26:43.697Z] > git symbolic-ref --short HEAD [1ms]
[2022-05-28T04:26:43.703Z] > git for-each-ref --format=%(refname)%00%(upstream:short)%00%(objectname)%00%(upstream:track)%00%(upstream:remotename)%00%(upstream:remoteref) refs/heads/master refs/remotes/master [1ms]
[2022-05-28T04:26:43.713Z] > git for-each-ref --sort -committerdate --format %(refname) %(objectname) %(*objectname) [5ms]
[2022-05-28T04:26:43.713Z] > git remote --verbose [1ms]
[2022-05-28T04:26:43.719Z] > git config --get commit.template [1ms]
[2022-05-28T04:26:48.725Z] > git status -z -uall [1ms]
[2022-05-28T04:26:48.730Z] > git symbolic-ref --short HEAD [0ms]
[2022-05-28T04:26:48.735Z] > git for-each-ref --format=%(refname)%00%(upstream:short)%00%(objectname)%00%(upstream:track)%00%(upstream:remotename)%00%(upstream:remoteref) refs/heads/master refs/remotes/master [0ms]
[2022-05-28T04:26:48.746Z] > git for-each-ref --sort -committerdate --format %(refname) %(objectname) %(*objectname) [5ms]
[2022-05-28T04:26:48.747Z] > git remote --verbose [1ms]
[2022-05-28T04:26:48.756Z] > git config --get commit.template [3ms]
[2022-05-28T04:26:53.763Z] > git status -z -uall [1ms]
[2022-05-28T04:26:53.769Z] > git symbolic-ref --short HEAD [1ms]
[2022-05-28T04:26:53.776Z] > git for-each-ref --format=%(refname)%00%(upstream:short)%00%(objectname)%00%(upstream:track)%00%(upstream:remotename)%00%(upstream:remoteref) refs/heads/master refs/remotes/master [1ms]
[2022-05-28T04:26:53.785Z] > git for-each-ref --sort -committerdate --format %(refname) %(objectname) %(*objectname) [5ms]
[2022-05-28T04:26:53.785Z] > git remote --verbose [1ms]
[2022-05-28T04:26:53.793Z] > git config --get commit.template [1ms]
[2022-05-28T04:26:58.800Z] > git status -z -uall [0ms]
[2022-05-28T04:26:58.807Z] > git symbolic-ref --short HEAD [1ms]
[2022-05-28T04:26:58.813Z] > git for-each-ref --format=%(refname)%00%(upstream:short)%00%(objectname)%00%(upstream:track)%00%(upstream:remotename)%00%(upstream:remoteref) refs/heads/master refs/remotes/master [1ms]
[2022-05-28T04:26:58.826Z] > git remote --verbose [0ms]
[2022-05-28T04:26:58.827Z] > git for-each-ref --sort -committerdate --format %(refname) %(objectname) %(*objectname) [7ms]
[2022-05-28T04:26:58.833Z] > git config --get commit.template [1ms]
[2022-05-28T04:27:06.513Z] > git status -z -uall [1ms]
[2022-05-28T04:27:06.521Z] > git symbolic-ref --short HEAD [2ms]
[2022-05-28T04:27:06.527Z] > git for-each-ref --format=%(refname)%00%(upstream:short)%00%(objectname)%00%(upstream:track)%00%(upstream:remotename)%00%(upstream:remoteref) refs/heads/master refs/remotes/master [1ms]
[2022-05-28T04:27:06.537Z] > git for-each-ref --sort -committerdate --format %(refname) %(objectname) %(*objectname) [6ms]
[2022-05-28T04:27:06.537Z] > git remote --verbose [1ms]
[2022-05-28T04:27:06.544Z] > git config --get commit.template [0ms]
[2022-05-28T04:27:11.552Z] > git status -z -uall [1ms]
[2022-05-28T04:27:11.559Z] > git symbolic-ref --short HEAD [1ms]
[2022-05-28T04:27:11.565Z] > git for-each-ref --format=%(refname)%00%(upstream:short)%00%(objectname)%00%(upstream:track)%00%(upstream:remotename)%00%(upstream:remoteref) refs/heads/master refs/remotes/master [0ms]
[2022-05-28T04:27:11.579Z] > git for-each-ref --sort -committerdate --format %(refname) %(objectname) %(*objectname) [9ms]
[2022-05-28T04:27:11.579Z] > git remote --verbose [2ms]
[2022-05-28T04:27:11.586Z] > git config --get commit.template [1ms]
[2022-05-28T04:27:16.594Z] > git status -z -uall [1ms]
[2022-05-28T04:27:16.600Z] > git symbolic-ref --short HEAD [1ms]
[2022-05-28T04:27:16.606Z] > git for-each-ref --format=%(refname)%00%(upstream:short)%00%(objectname)%00%(upstream:track)%00%(upstream:remotename)%00%(upstream:remoteref) refs/heads/master refs/remotes/master [0ms]
[2022-05-28T04:27:16.615Z] > git for-each-ref --sort -committerdate --format %(refname) %(objectname) %(*objectname) [4ms]
[2022-05-28T04:27:16.616Z] > git remote --verbose [1ms]
[2022-05-28T04:27:16.626Z] > git config --get commit.template [2ms]
[2022-05-28T04:27:21.690Z] > git status -z -uall [1ms]
[2022-05-28T04:27:21.695Z] > git symbolic-ref --short HEAD [0ms]
[2022-05-28T04:27:21.701Z] > git for-each-ref --format=%(refname)%00%(upstream:short)%00%(objectname)%00%(upstream:track)%00%(upstream:remotename)%00%(upstream:remoteref) refs/heads/master refs/remotes/master [1ms]
[2022-05-28T04:27:21.714Z] > git remote --verbose [1ms]
[2022-05-28T04:27:21.714Z] > git for-each-ref --sort -committerdate --format %(refname) %(objectname) %(*objectname) [7ms]
[2022-05-28T04:27:21.723Z] > git config --get commit.template [1ms]
[2022-05-28T04:27:26.731Z] > git status -z -uall [1ms]
[2022-05-28T04:27:26.737Z] > git symbolic-ref --short HEAD [1ms]
[2022-05-28T04:27:26.743Z] > git for-each-ref --format=%(refname)%00%(upstream:short)%00%(objectname)%00%(upstream:track)%00%(upstream:remotename)%00%(upstream:remoteref) refs/heads/master refs/remotes/master [0ms]
[2022-05-28T04:27:26.752Z] > git for-each-ref --sort -committerdate --format %(refname) %(objectname) %(*objectname) [4ms]
[2022-05-28T04:27:26.752Z] > git remote --verbose [0ms]
[2022-05-28T04:27:26.760Z] > git config --get commit.template [1ms]
[2022-05-28T04:27:34.841Z] > git status -z -uall [1ms]
[2022-05-28T04:27:34.847Z] > git symbolic-ref --short HEAD [0ms]
[2022-05-28T04:27:34.853Z] > git for-each-ref --format=%(refname)%00%(upstream:short)%00%(objectname)%00%(upstream:track)%00%(upstream:remotename)%00%(upstream:remoteref) refs/heads/master refs/remotes/master [1ms]
[2022-05-28T04:27:34.864Z] > git remote --verbose [1ms]
[2022-05-28T04:27:34.864Z] > git for-each-ref --sort -committerdate --format %(refname) %(objectname) %(*objectname) [5ms]
[2022-05-28T04:27:34.871Z] > git config --get commit.template [1ms]
[2022-05-28T04:27:39.879Z] > git status -z -uall [1ms]
[2022-05-28T04:27:39.885Z] > git symbolic-ref --short HEAD [0ms]
[2022-05-28T04:27:39.892Z] > git for-each-ref --format=%(refname)%00%(upstream:short)%00%(objectname)%00%(upstream:track)%00%(upstream:remotename)%00%(upstream:remoteref) refs/heads/master refs/remotes/master [0ms]
[2022-05-28T04:27:39.902Z] > git for-each-ref --sort -committerdate --format %(refname) %(objectname) %(*objectname) [5ms]
[2022-05-28T04:27:39.902Z] > git remote --verbose [0ms]
[2022-05-28T04:27:39.911Z] > git config --get commit.template [0ms]
[2022-05-28T04:28:03.229Z] > git status -z -uall [1ms]
[2022-05-28T04:28:03.235Z] > git symbolic-ref --short HEAD [1ms]
[2022-05-28T04:28:03.241Z] > git for-each-ref --format=%(refname)%00%(upstream:short)%00%(objectname)%00%(upstream:track)%00%(upstream:remotename)%00%(upstream:remoteref) refs/heads/master refs/remotes/master [1ms]
[2022-05-28T04:28:03.251Z] > git for-each-ref --sort -committerdate --format %(refname) %(objectname) %(*objectname) [5ms]
[2022-05-28T04:28:03.252Z] > git remote --verbose [2ms]
[2022-05-28T04:28:03.259Z] > git config --get commit.template [0ms]
[2022-05-28T04:28:08.267Z] > git status -z -uall [1ms]
[2022-05-28T04:28:08.275Z] > git symbolic-ref --short HEAD [1ms]
[2022-05-28T04:28:08.281Z] > git for-each-ref --format=%(refname)%00%(upstream:short)%00%(objectname)%00%(upstream:track)%00%(upstream:remotename)%00%(upstream:remoteref) refs/heads/master refs/remotes/master [1ms]
[2022-05-28T04:28:08.290Z] > git for-each-ref --sort -committerdate --format %(refname) %(objectname) %(*objectname) [5ms]
[2022-05-28T04:28:08.291Z] > git remote --verbose [1ms]
[2022-05-28T04:28:08.297Z] > git config --get commit.template [1ms]
[2022-05-28T04:28:13.303Z] > git status -z -uall [1ms]
[2022-05-28T04:28:13.309Z] > git symbolic-ref --short HEAD [1ms]
[2022-05-28T04:28:13.315Z] > git for-each-ref --format=%(refname)%00%(upstream:short)%00%(objectname)%00%(upstream:track)%00%(upstream:remotename)%00%(upstream:remoteref) refs/heads/master refs/remotes/master [1ms]
[2022-05-28T04:28:13.324Z] > git for-each-ref --sort -committerdate --format %(refname) %(objectname) %(*objectname) [5ms]
[2022-05-28T04:28:13.325Z] > git remote --verbose [1ms]
[2022-05-28T04:28:13.332Z] > git config --get commit.template [0ms]
[2022-05-28T04:28:18.340Z] > git status -z -uall [1ms]
[2022-05-28T04:28:18.346Z] > git symbolic-ref --short HEAD [0ms]
[2022-05-28T04:28:18.352Z] > git for-each-ref --format=%(refname)%00%(upstream:short)%00%(objectname)%00%(upstream:track)%00%(upstream:remotename)%00%(upstream:remoteref) refs/heads/master refs/remotes/master [1ms]
[2022-05-28T04:28:18.362Z] > git for-each-ref --sort -committerdate --format %(refname) %(objectname) %(*objectname) [5ms]
[2022-05-28T04:28:18.362Z] > git remote --verbose [1ms]
[2022-05-28T04:28:18.367Z] > git config --get commit.template [0ms]
[2022-05-28T04:28:23.374Z] > git status -z -uall [1ms]
[2022-05-28T04:28:23.381Z] > git symbolic-ref --short HEAD [1ms]
[2022-05-28T04:28:23.386Z] > git for-each-ref --format=%(refname)%00%(upstream:short)%00%(objectname)%00%(upstream:track)%00%(upstream:remotename)%00%(upstream:remoteref) refs/heads/master refs/remotes/master [0ms]
[2022-05-28T04:28:23.397Z] > git for-each-ref --sort -committerdate --format %(refname) %(objectname) %(*objectname) [5ms]
[2022-05-28T04:28:23.397Z] > git remote --verbose [1ms]
[2022-05-28T04:28:23.403Z] > git config --get commit.template [1ms]
[2022-05-28T04:28:28.411Z] > git status -z -uall [1ms]
[2022-05-28T04:28:28.417Z] > git symbolic-ref --short HEAD [0ms]
[2022-05-28T04:28:28.424Z] > git for-each-ref --format=%(refname)%00%(upstream:short)%00%(objectname)%00%(upstream:track)%00%(upstream:remotename)%00%(upstream:remoteref) refs/heads/master refs/remotes/master [1ms]
[2022-05-28T04:28:28.433Z] > git for-each-ref --sort -committerdate --format %(refname) %(objectname) %(*objectname) [5ms]
[2022-05-28T04:28:28.433Z] > git remote --verbose [1ms]
[2022-05-28T04:28:28.440Z] > git config --get commit.template [1ms]
[2022-05-28T04:28:33.447Z] > git status -z -uall [1ms]
[2022-05-28T04:28:33.454Z] > git symbolic-ref --short HEAD [1ms]
[2022-05-28T04:28:33.460Z] > git for-each-ref --format=%(refname)%00%(upstream:short)%00%(objectname)%00%(upstream:track)%00%(upstream:remotename)%00%(upstream:remoteref) refs/heads/master refs/remotes/master [1ms]
[2022-05-28T04:28:33.469Z] > git for-each-ref --sort -committerdate --format %(refname) %(objectname) %(*objectname) [5ms]
[2022-05-28T04:28:33.469Z] > git remote --verbose [1ms]
[2022-05-28T04:28:33.476Z] > git config --get commit.template [1ms]
[2022-05-28T04:28:38.482Z] > git status -z -uall [1ms]
[2022-05-28T04:28:38.489Z] > git symbolic-ref --short HEAD [1ms]
[2022-05-28T04:28:38.494Z] > git for-each-ref --format=%(refname)%00%(upstream:short)%00%(objectname)%00%(upstream:track)%00%(upstream:remotename)%00%(upstream:remoteref) refs/heads/master refs/remotes/master [0ms]
[2022-05-28T04:28:38.502Z] > git for-each-ref --sort -committerdate --format %(refname) %(objectname) %(*objectname) [4ms]
[2022-05-28T04:28:38.502Z] > git remote --verbose [0ms]
[2022-05-28T04:28:38.510Z] > git config --get commit.template [1ms]
[2022-05-28T04:28:49.621Z] > git status -z -uall [1ms]
[2022-05-28T04:28:49.627Z] > git symbolic-ref --short HEAD [1ms]
[2022-05-28T04:28:49.632Z] > git for-each-ref --format=%(refname)%00%(upstream:short)%00%(objectname)%00%(upstream:track)%00%(upstream:remotename)%00%(upstream:remoteref) refs/heads/master refs/remotes/master [0ms]
[2022-05-28T04:28:49.644Z] > git remote --verbose [1ms]
[2022-05-28T04:28:49.644Z] > git for-each-ref --sort -committerdate --format %(refname) %(objectname) %(*objectname) [7ms]
[2022-05-28T04:28:49.651Z] > git config --get commit.template [1ms]
[2022-05-28T04:28:54.658Z] > git status -z -uall [1ms]
[2022-05-28T04:28:54.664Z] > git symbolic-ref --short HEAD [1ms]
[2022-05-28T04:28:54.670Z] > git for-each-ref --format=%(refname)%00%(upstream:short)%00%(objectname)%00%(upstream:track)%00%(upstream:remotename)%00%(upstream:remoteref) refs/heads/master refs/remotes/master [1ms]
[2022-05-28T04:28:54.680Z] > git for-each-ref --sort -committerdate --format %(refname) %(objectname) %(*objectname) [5ms]
[2022-05-28T04:28:54.680Z] > git remote --verbose [0ms]
[2022-05-28T04:28:54.688Z] > git config --get commit.template [2ms]
[2022-05-28T04:28:59.694Z] > git status -z -uall [1ms]
[2022-05-28T04:28:59.700Z] > git symbolic-ref --short HEAD [0ms]
[2022-05-28T04:28:59.707Z] > git for-each-ref --format=%(refname)%00%(upstream:short)%00%(objectname)%00%(upstream:track)%00%(upstream:remotename)%00%(upstream:remoteref) refs/heads/master refs/remotes/master [1ms]
[2022-05-28T04:28:59.715Z] > git for-each-ref --sort -committerdate --format %(refname) %(objectname) %(*objectname) [4ms]
[2022-05-28T04:28:59.716Z] > git remote --verbose [1ms]
[2022-05-28T04:28:59.722Z] > git config --get commit.template [0ms]
[2022-05-28T04:29:09.480Z] > git status -z -uall [1ms]
[2022-05-28T04:29:09.486Z] > git symbolic-ref --short HEAD [1ms]
[2022-05-28T04:29:09.493Z] > git for-each-ref --format=%(refname)%00%(upstream:short)%00%(objectname)%00%(upstream:track)%00%(upstream:remotename)%00%(upstream:remoteref) refs/heads/master refs/remotes/master [1ms]
[2022-05-28T04:29:09.501Z] > git for-each-ref --sort -committerdate --format %(refname) %(objectname) %(*objectname) [4ms]
[2022-05-28T04:29:09.501Z] > git remote --verbose [0ms]
[2022-05-28T04:29:09.508Z] > git config --get commit.template [0ms]
[2022-05-28T04:29:14.515Z] > git status -z -uall [1ms]
[2022-05-28T04:29:14.520Z] > git symbolic-ref --short HEAD [1ms]
[2022-05-28T04:29:14.527Z] > git for-each-ref --format=%(refname)%00%(upstream:short)%00%(objectname)%00%(upstream:track)%00%(upstream:remotename)%00%(upstream:remoteref) refs/heads/master refs/remotes/master [2ms]
[2022-05-28T04:29:14.535Z] > git for-each-ref --sort -committerdate --format %(refname) %(objectname) %(*objectname) [4ms]
[2022-05-28T04:29:14.536Z] > git remote --verbose [1ms]
[2022-05-28T04:29:14.543Z] > git config --get commit.template [1ms]
[2022-05-28T04:29:19.549Z] > git status -z -uall [1ms]
[2022-05-28T04:29:19.554Z] > git symbolic-ref --short HEAD [0ms]
[2022-05-28T04:29:19.560Z] > git for-each-ref --format=%(refname)%00%(upstream:short)%00%(objectname)%00%(upstream:track)%00%(upstream:remotename)%00%(upstream:remoteref) refs/heads/master refs/remotes/master [1ms]
[2022-05-28T04:29:19.568Z] > git remote --verbose [1ms]
[2022-05-28T04:29:19.568Z] > git for-each-ref --sort -committerdate --format %(refname) %(objectname) %(*objectname) [4ms]
[2022-05-28T04:29:19.576Z] > git config --get commit.template [2ms]
[2022-05-28T04:29:24.582Z] > git status -z -uall [1ms]
[2022-05-28T04:29:24.587Z] > git symbolic-ref --short HEAD [1ms]
[2022-05-28T04:29:24.593Z] > git for-each-ref --format=%(refname)%00%(upstream:short)%00%(objectname)%00%(upstream:track)%00%(upstream:remotename)%00%(upstream:remoteref) refs/heads/master refs/remotes/master [1ms]
[2022-05-28T04:29:24.601Z] > git for-each-ref --sort -committerdate --format %(refname) %(objectname) %(*objectname) [4ms]
[2022-05-28T04:29:24.601Z] > git remote --verbose [1ms]
[2022-05-28T04:29:24.608Z] > git config --get commit.template [1ms]
[2022-05-28T04:29:31.246Z] > git status -z -uall [1ms]
[2022-05-28T04:29:31.252Z] > git symbolic-ref --short HEAD [1ms]
[2022-05-28T04:29:31.259Z] > git for-each-ref --format=%(refname)%00%(upstream:short)%00%(objectname)%00%(upstream:track)%00%(upstream:remotename)%00%(upstream:remoteref) refs/heads/master refs/remotes/master [1ms]
[2022-05-28T04:29:31.267Z] > git for-each-ref --sort -committerdate --format %(refname) %(objectname) %(*objectname) [4ms]
[2022-05-28T04:29:31.267Z] > git remote --verbose [1ms]
[2022-05-28T04:29:31.275Z] > git config --get commit.template [2ms]
[2022-05-28T04:29:36.281Z] > git status -z -uall [1ms]
[2022-05-28T04:29:36.287Z] > git symbolic-ref --short HEAD [1ms]
[2022-05-28T04:29:36.293Z] > git for-each-ref --format=%(refname)%00%(upstream:short)%00%(objectname)%00%(upstream:track)%00%(upstream:remotename)%00%(upstream:remoteref) refs/heads/master refs/remotes/master [1ms]
[2022-05-28T04:29:36.300Z] > git for-each-ref --sort -committerdate --format %(refname) %(objectname) %(*objectname) [3ms]
[2022-05-28T04:29:36.301Z] > git remote --verbose [1ms]
[2022-05-28T04:29:36.309Z] > git config --get commit.template [2ms]
[2022-05-28T04:29:41.893Z] > git status -z -uall [1ms]
[2022-05-28T04:29:41.898Z] > git symbolic-ref --short HEAD [1ms]
[2022-05-28T04:29:41.904Z] > git for-each-ref --format=%(refname)%00%(upstream:short)%00%(objectname)%00%(upstream:track)%00%(upstream:remotename)%00%(upstream:remoteref) refs/heads/master refs/remotes/master [1ms]
[2022-05-28T04:29:41.913Z] > git for-each-ref --sort -committerdate --format %(refname) %(objectname) %(*objectname) [4ms]
[2022-05-28T04:29:41.913Z] > git remote --verbose [1ms]
[2022-05-28T04:29:41.919Z] > git config --get commit.template [1ms]
[2022-05-28T04:29:46.926Z] > git status -z -uall [1ms]
[2022-05-28T04:29:46.934Z] > git symbolic-ref --short HEAD [1ms]
[2022-05-28T04:29:46.940Z] > git for-each-ref --format=%(refname)%00%(upstream:short)%00%(objectname)%00%(upstream:track)%00%(upstream:remotename)%00%(upstream:remoteref) refs/heads/master refs/remotes/master [1ms]
[2022-05-28T04:29:46.948Z] > git for-each-ref --sort -committerdate --format %(refname) %(objectname) %(*objectname) [4ms]
[2022-05-28T04:29:46.948Z] > git remote --verbose [1ms]
[2022-05-28T04:29:46.954Z] > git config --get commit.template [1ms]
[2022-05-28T04:29:51.963Z] > git status -z -uall [1ms]
[2022-05-28T04:29:51.970Z] > git symbolic-ref --short HEAD [0ms]
[2022-05-28T04:29:51.977Z] > git for-each-ref --format=%(refname)%00%(upstream:short)%00%(objectname)%00%(upstream:track)%00%(upstream:remotename)%00%(upstream:remoteref) refs/heads/master refs/remotes/master [1ms]
[2022-05-28T04:29:51.984Z] > git for-each-ref --sort -committerdate --format %(refname) %(objectname) %(*objectname) [3ms]
[2022-05-28T04:29:51.984Z] > git remote --verbose [0ms]
[2022-05-28T04:29:51.992Z] > git config --get commit.template [1ms]
[2022-05-28T04:29:56.999Z] > git status -z -uall [0ms]
[2022-05-28T04:29:57.006Z] > git symbolic-ref --short HEAD [1ms]
[2022-05-28T04:29:57.011Z] > git for-each-ref --format=%(refname)%00%(upstream:short)%00%(objectname)%00%(upstream:track)%00%(upstream:remotename)%00%(upstream:remoteref) refs/heads/master refs/remotes/master [1ms]
[2022-05-28T04:29:57.019Z] > git for-each-ref --sort -committerdate --format %(refname) %(objectname) %(*objectname) [4ms]
[2022-05-28T04:29:57.019Z] > git remote --verbose [1ms]
[2022-05-28T04:29:57.026Z] > git config --get commit.template [0ms]
[2022-05-28T04:30:02.033Z] > git status -z -uall [1ms]
[2022-05-28T04:30:02.040Z] > git symbolic-ref --short HEAD [1ms]
[2022-05-28T04:30:02.046Z] > git for-each-ref --format=%(refname)%00%(upstream:short)%00%(objectname)%00%(upstream:track)%00%(upstream:remotename)%00%(upstream:remoteref) refs/heads/master refs/remotes/master [0ms]
[2022-05-28T04:30:02.058Z] > git for-each-ref --sort -committerdate --format %(refname) %(objectname) %(*objectname) [6ms]
[2022-05-28T04:30:02.058Z] > git remote --verbose [1ms]
[2022-05-28T04:30:02.065Z] > git config --get commit.template [1ms]
[2022-05-28T04:30:07.769Z] > git status -z -uall [1ms]
[2022-05-28T04:30:07.778Z] > git symbolic-ref --short HEAD [0ms]
[2022-05-28T04:30:07.784Z] > git for-each-ref --format=%(refname)%00%(upstream:short)%00%(objectname)%00%(upstream:track)%00%(upstream:remotename)%00%(upstream:remoteref) refs/heads/master refs/remotes/master [1ms]
[2022-05-28T04:30:07.797Z] > git for-each-ref --sort -committerdate --format %(refname) %(objectname) %(*objectname) [7ms]
[2022-05-28T04:30:07.798Z] > git remote --verbose [2ms]
[2022-05-28T04:30:07.806Z] > git config --get commit.template [1ms]
[2022-05-28T04:30:55.808Z] > git add -A -- /home/vmw19/mynewrepo/README.md /home/vmw19/mynewrepo/app/__init__.py [2ms]
[2022-05-28T04:30:55.815Z] > git status -z -uall [1ms]
[2022-05-28T04:30:55.820Z] > git symbolic-ref --short HEAD [0ms]
[2022-05-28T04:30:55.827Z] > git for-each-ref --format=%(refname)%00%(upstream:short)%00%(objectname)%00%(upstream:track)%00%(upstream:remotename)%00%(upstream:remoteref) refs/heads/master refs/remotes/master [1ms]
[2022-05-28T04:30:55.834Z] > git for-each-ref --sort -committerdate --format %(refname) %(objectname) %(*objectname) [4ms]
[2022-05-28T04:30:55.834Z] > git remote --verbose [0ms]
[2022-05-28T04:30:55.842Z] > git config --get commit.template [1ms]
[2022-05-28T04:30:56.932Z] > git status -z -uall [1ms]
[2022-05-28T04:30:56.939Z] > git symbolic-ref --short HEAD [1ms]
[2022-05-28T04:30:56.944Z] > git for-each-ref --format=%(refname)%00%(upstream:short)%00%(objectname)%00%(upstream:track)%00%(upstream:remotename)%00%(upstream:remoteref) refs/heads/master refs/remotes/master [0ms]
[2022-05-28T04:30:56.952Z] > git for-each-ref --sort -committerdate --format %(refname) %(objectname) %(*objectname) [4ms]
[2022-05-28T04:30:56.953Z] > git remote --verbose [1ms]
[2022-05-28T04:30:56.960Z] > git config --get commit.template [0ms]
[2022-05-28T04:30:57.039Z] > git ls-files --stage -- /home/vmw19/mynewrepo/app/__init__.py [0ms]
[2022-05-28T04:30:57.045Z] > git cat-file -s d3f198ec04d349167fc85d9b1944f1478cdba137 [1ms]
[2022-05-28T04:30:57.058Z] > git show --textconv :app/__init__.py [3ms]
[2022-05-28T04:31:01.967Z] > git status -z -uall [0ms]
[2022-05-28T04:31:01.973Z] > git symbolic-ref --short HEAD [0ms]
[2022-05-28T04:31:01.979Z] > git for-each-ref --format=%(refname)%00%(upstream:short)%00%(objectname)%00%(upstream:track)%00%(upstream:remotename)%00%(upstream:remoteref) refs/heads/master refs/remotes/master [1ms]
[2022-05-28T04:31:01.986Z] > git for-each-ref --sort -committerdate --format %(refname) %(objectname) %(*objectname) [4ms]
[2022-05-28T04:31:01.986Z] > git remote --verbose [0ms]
[2022-05-28T04:31:01.995Z] > git config --get commit.template [1ms]
[2022-05-28T04:31:25.077Z] > git push origin master:master [822ms]
[2022-05-28T04:31:25.077Z] remote: Permission to ohmyzsh/ohmyzsh.git denied to vmw19.
fatal: unable to access 'https://github.com/ohmyzsh/ohmyzsh.git/': The requested URL returned error: 403
[2022-05-28T04:32:42.541Z] > git push origin master:master [874ms]
[2022-05-28T04:32:42.541Z] Everything up-to-date
[2022-05-28T04:32:42.546Z] > git status -z -uall [1ms]
[2022-05-28T04:32:42.550Z] > git symbolic-ref --short HEAD [1ms]
[2022-05-28T04:32:42.556Z] > git for-each-ref --format=%(refname)%00%(upstream:short)%00%(objectname)%00%(upstream:track)%00%(upstream:remotename)%00%(upstream:remoteref) refs/heads/master refs/remotes/master [0ms]
[2022-05-28T04:32:42.564Z] > git for-each-ref --sort -committerdate --format %(refname) %(objectname) %(*objectname) [4ms]
[2022-05-28T04:32:42.564Z] > git remote --verbose [1ms]
[2022-05-28T04:32:42.572Z] > git config --get commit.template [3ms]
[2022-05-28T04:34:33.926Z] > git push origin master:master [828ms]
[2022-05-28T04:34:33.926Z] Everything up-to-date
[2022-05-28T04:34:33.931Z] > git status -z -uall [0ms]
[2022-05-28T04:34:33.935Z] > git symbolic-ref --short HEAD [0ms]
[2022-05-28T04:34:33.941Z] > git for-each-ref --format=%(refname)%00%(upstream:short)%00%(objectname)%00%(upstream:track)%00%(upstream:remotename)%00%(upstream:remoteref) refs/heads/master refs/remotes/master [1ms]
[2022-05-28T04:34:33.948Z] > git for-each-ref --sort -committerdate --format %(refname) %(objectname) %(*objectname) [4ms]
[2022-05-28T04:34:33.948Z] > git remote --verbose [1ms]
[2022-05-28T04:34:33.953Z] > git config --get commit.template [1ms]
[2022-05-28T04:52:25.166Z] > git status -z -uall [4ms]
[2022-05-28T04:52:25.170Z] > git symbolic-ref --short HEAD [1ms]
[2022-05-28T04:52:25.176Z] > git for-each-ref --format=%(refname)%00%(upstream:short)%00%(objectname)%00%(upstream:track)%00%(upstream:remotename)%00%(upstream:remoteref) refs/heads/master refs/remotes/master [1ms]
[2022-05-28T04:52:25.182Z] > git for-each-ref --sort -committerdate --format %(refname) %(objectname) %(*objectname) [3ms]
[2022-05-28T04:52:25.183Z] > git remote --verbose [0ms]
[2022-05-28T04:52:25.188Z] > git config --get commit.template [1ms]
[2022-05-28T04:53:06.288Z] > git push origin master:master [586ms]
[2022-05-28T04:53:06.288Z] Everything up-to-date
[2022-05-28T04:53:06.294Z] > git status -z -uall [1ms]
[2022-05-28T04:53:06.298Z] > git symbolic-ref --short HEAD [0ms]
[2022-05-28T04:53:06.302Z] > git for-each-ref --format=%(refname)%00%(upstream:short)%00%(objectname)%00%(upstream:track)%00%(upstream:remotename)%00%(upstream:remoteref) refs/heads/master refs/remotes/master [0ms]
[2022-05-28T04:53:06.311Z] > git for-each-ref --sort -committerdate --format %(refname) %(objectname) %(*objectname) [4ms]
[2022-05-28T04:53:06.311Z] > git remote --verbose [0ms]
[2022-05-28T04:53:06.317Z] > git config --get commit.template [1ms]
[2022-05-28T04:53:15.869Z] > git -c user.useConfigOnly=true commit --quiet --allow-empty-message --file - [14ms]
[2022-05-28T04:53:15.874Z] > git status -z -uall [0ms]
[2022-05-28T04:53:15.878Z] > git symbolic-ref --short HEAD [0ms]
[2022-05-28T04:53:15.884Z] > git for-each-ref --format=%(refname)%00%(upstream:short)%00%(objectname)%00%(upstream:track)%00%(upstream:remotename)%00%(upstream:remoteref) refs/heads/master refs/remotes/master [1ms]
[2022-05-28T04:53:15.892Z] > git for-each-ref --sort -committerdate --format %(refname) %(objectname) %(*objectname) [5ms]
[2022-05-28T04:53:15.892Z] > git remote --verbose [1ms]
[2022-05-28T04:53:15.898Z] > git config --get commit.template [1ms]
[2022-05-28T04:53:15.903Z] > git config --get commit.template [0ms]
[2022-05-28T04:53:16.994Z] > git status -z -uall [1ms]
[2022-05-28T04:53:16.999Z] > git symbolic-ref --short HEAD [1ms]
[2022-05-28T04:53:17.004Z] > git for-each-ref --format=%(refname)%00%(upstream:short)%00%(objectname)%00%(upstream:track)%00%(upstream:remotename)%00%(upstream:remoteref) refs/heads/master refs/remotes/master [1ms]
[2022-05-28T04:53:17.012Z] > git for-each-ref --sort -committerdate --format %(refname) %(objectname) %(*objectname) [4ms]
[2022-05-28T04:53:17.012Z] > git remote --verbose [1ms]
[2022-05-28T04:53:17.017Z] > git config --get commit.template [1ms]
[2022-05-28T04:53:17.099Z] > git ls-files --stage -- /home/vmw19/mynewrepo/app/__init__.py [1ms]
[2022-05-28T04:53:17.104Z] > git cat-file -s d3f198ec04d349167fc85d9b1944f1478cdba137 [1ms]
[2022-05-28T04:53:17.116Z] > git show --textconv :app/__init__.py [1ms]
[2022-05-28T04:53:22.671Z] > git status -z -uall [1ms]
[2022-05-28T04:53:22.679Z] > git symbolic-ref --short HEAD [1ms]
[2022-05-28T04:53:22.684Z] > git for-each-ref --format=%(refname)%00%(upstream:short)%00%(objectname)%00%(upstream:track)%00%(upstream:remotename)%00%(upstream:remoteref) refs/heads/master refs/remotes/master [1ms]
[2022-05-28T04:53:22.695Z] > git for-each-ref --sort -committerdate --format %(refname) %(objectname) %(*objectname) [8ms]
[2022-05-28T04:53:22.696Z] > git remote --verbose [1ms]
[2022-05-28T04:53:22.712Z] > git config --get commit.template [9ms]
[2022-05-28T04:53:22.712Z] > git log --oneline --cherry master...master@{upstream} -- [1ms]
[2022-05-28T04:53:23.303Z] > git pull --tags origin master [586ms]
[2022-05-28T04:53:23.303Z] From https://github.com/vmw19/mynewrepo
 * branch            master     -> FETCH_HEAD
[2022-05-28T04:53:24.190Z] > git push origin master:master [882ms]
[2022-05-28T04:53:24.190Z] To https://github.com/vmw19/mynewrepo.git
   88e9c03..cc02333  master -> master
[2022-05-28T04:53:24.195Z] > git status -z -uall [1ms]
[2022-05-28T04:53:24.199Z] > git symbolic-ref --short HEAD [0ms]
[2022-05-28T04:53:24.204Z] > git for-each-ref --format=%(refname)%00%(upstream:short)%00%(objectname)%00%(upstream:track)%00%(upstream:remotename)%00%(upstream:remoteref) refs/heads/master refs/remotes/master [1ms]
[2022-05-28T04:53:24.212Z] > git for-each-ref --sort -committerdate --format %(refname) %(objectname) %(*objectname) [4ms]
[2022-05-28T04:53:24.212Z] > git remote --verbose [0ms]
[2022-05-28T04:53:24.218Z] > git config --get commit.template [0ms]
[2022-05-28T04:53:25.452Z] > git ls-files --stage -- /home/vmw19/mynewrepo/app/__init__.py [1ms]
[2022-05-28T04:53:25.457Z] > git cat-file -s d3f198ec04d349167fc85d9b1944f1478cdba137 [0ms]
[2022-05-28T04:53:25.468Z] > git show --textconv :app/__init__.py [1ms]
[2022-05-28T04:53:27.719Z] > git status -z -uall [1ms]
[2022-05-28T04:53:27.725Z] > git symbolic-ref --short HEAD [1ms]
[2022-05-28T04:53:27.730Z] > git for-each-ref --format=%(refname)%00%(upstream:short)%00%(objectname)%00%(upstream:track)%00%(upstream:remotename)%00%(upstream:remoteref) refs/heads/master refs/remotes/master [0ms]
[2022-05-28T04:53:27.738Z] > git remote --verbose [1ms]
[2022-05-28T04:53:27.738Z] > git for-each-ref --sort -committerdate --format %(refname) %(objectname) %(*objectname) [5ms]
[2022-05-28T04:53:27.744Z] > git config --get commit.template [0ms]
[2022-05-28T04:54:06.576Z] > git show --textconv :README.md [6ms]
[2022-05-28T04:54:06.577Z] > git ls-files --stage -- /home/vmw19/mynewrepo/README.md [1ms]
[2022-05-28T04:54:06.582Z] > git cat-file -s d6725809fe090b85dcef652eaf75720f0d0689ed [1ms]
[2022-05-28T04:54:08.398Z] > git show --textconv :venv/.gitignore [4ms]
[2022-05-28T04:54:08.400Z] > git ls-files --stage -- /home/vmw19/venv/.gitignore [2ms]
[2022-05-28T04:54:08.405Z] > git cat-file -s 7fd566f6c9d698d257fe77037b33ff5c7a835e06 [0ms]
